;  LST file generated by mikroListExporter - v.2.0 
; Date/Time: 05/04/2022 10:42:13 p. m.
;----------------------------------------------

;Address Opcode 	ASM
0x0000	0xF003EF97  	GOTO        1838
_Interrupt:
;Rayito.c,90 :: 		void Interrupt(){
0x0008	0xF015C000  	MOVFF       R0, 21
;Rayito.c,91 :: 		if (TMR0IF_bit){
0x000C	0xA4F2      	BTFSS       TMR0IF_bit, BitPos(TMR0IF_bit+0) 
0x000E	0xD05C      	BRA         L_Interrupt7
;Rayito.c,92 :: 		if(ciclo == 1 && on == 1){
0x0010	0x0E00      	MOVLW       0
0x0012	0x1839      	XORWF       _ciclo+1, 0 
0x0014	0xE102      	BNZ         L__Interrupt119
0x0016	0x0E01      	MOVLW       1
0x0018	0x1838      	XORWF       _ciclo, 0 
L__Interrupt119:
0x001A	0xE10E      	BNZ         L_Interrupt10
0x001C	0x5037      	MOVF        _on, 0 
0x001E	0x0A01      	XORLW       1
0x0020	0xE10B      	BNZ         L_Interrupt10
L__Interrupt111:
;Rayito.c,93 :: 		TMR0IF_bit = 0;
0x0022	0x94F2      	BCF         TMR0IF_bit, BitPos(TMR0IF_bit+0) 
;Rayito.c,94 :: 		TMR0H         = 0xE2;    //permanece en alto por 1.5ms
0x0024	0x0EE2      	MOVLW       226
0x0026	0x6ED7      	MOVWF       TMR0H 
;Rayito.c,95 :: 		TMR0L         = 0xB4;
0x0028	0x0EB4      	MOVLW       180
0x002A	0x6ED6      	MOVWF       TMR0L 
;Rayito.c,96 :: 		TURBINA = 1;
0x002C	0x8681      	BSF         RB3_bit, BitPos(RB3_bit+0) 
;Rayito.c,97 :: 		T0CON         = 0x88;
0x002E	0x0E88      	MOVLW       136
0x0030	0x6ED5      	MOVWF       T0CON 
;Rayito.c,98 :: 		ciclo = 0;
0x0032	0x6A38      	CLRF        _ciclo 
0x0034	0x6A39      	CLRF        _ciclo+1 
;Rayito.c,99 :: 		}
0x0036	0xD048      	BRA         L_Interrupt11
L_Interrupt10:
;Rayito.c,100 :: 		else if(ciclo == 1 && on == 2){
0x0038	0x0E00      	MOVLW       0
0x003A	0x1839      	XORWF       _ciclo+1, 0 
0x003C	0xE102      	BNZ         L__Interrupt120
0x003E	0x0E01      	MOVLW       1
0x0040	0x1838      	XORWF       _ciclo, 0 
L__Interrupt120:
0x0042	0xE10E      	BNZ         L_Interrupt14
0x0044	0x5037      	MOVF        _on, 0 
0x0046	0x0A02      	XORLW       2
0x0048	0xE10B      	BNZ         L_Interrupt14
L__Interrupt110:
;Rayito.c,101 :: 		TMR0IF_bit = 0;
0x004A	0x94F2      	BCF         TMR0IF_bit, BitPos(TMR0IF_bit+0) 
;Rayito.c,102 :: 		TMR0H         = 0xE5;    //permanece en alto por 1.35ms
0x004C	0x0EE5      	MOVLW       229
0x004E	0x6ED7      	MOVWF       TMR0H 
;Rayito.c,103 :: 		TMR0L         = 0xA2;
0x0050	0x0EA2      	MOVLW       162
0x0052	0x6ED6      	MOVWF       TMR0L 
;Rayito.c,104 :: 		TURBINA = 1;
0x0054	0x8681      	BSF         RB3_bit, BitPos(RB3_bit+0) 
;Rayito.c,105 :: 		T0CON         = 0x88;
0x0056	0x0E88      	MOVLW       136
0x0058	0x6ED5      	MOVWF       T0CON 
;Rayito.c,106 :: 		ciclo = 0;
0x005A	0x6A38      	CLRF        _ciclo 
0x005C	0x6A39      	CLRF        _ciclo+1 
;Rayito.c,107 :: 		}
0x005E	0xD034      	BRA         L_Interrupt15
L_Interrupt14:
;Rayito.c,108 :: 		else if(ciclo == 1 && on == 3){
0x0060	0x0E00      	MOVLW       0
0x0062	0x1839      	XORWF       _ciclo+1, 0 
0x0064	0xE102      	BNZ         L__Interrupt121
0x0066	0x0E01      	MOVLW       1
0x0068	0x1838      	XORWF       _ciclo, 0 
L__Interrupt121:
0x006A	0xE10E      	BNZ         L_Interrupt18
0x006C	0x5037      	MOVF        _on, 0 
0x006E	0x0A03      	XORLW       3
0x0070	0xE10B      	BNZ         L_Interrupt18
L__Interrupt109:
;Rayito.c,109 :: 		TMR0IF_bit = 0;
0x0072	0x94F2      	BCF         TMR0IF_bit, BitPos(TMR0IF_bit+0) 
;Rayito.c,110 :: 		TMR0H         = 0xE3;    //permanece en alto por 1.5ms
0x0074	0x0EE3      	MOVLW       227
0x0076	0x6ED7      	MOVWF       TMR0H 
;Rayito.c,111 :: 		TMR0L         = 0xAE;
0x0078	0x0EAE      	MOVLW       174
0x007A	0x6ED6      	MOVWF       TMR0L 
;Rayito.c,112 :: 		TURBINA = 1;
0x007C	0x8681      	BSF         RB3_bit, BitPos(RB3_bit+0) 
;Rayito.c,113 :: 		T0CON         = 0x88;
0x007E	0x0E88      	MOVLW       136
0x0080	0x6ED5      	MOVWF       T0CON 
;Rayito.c,114 :: 		ciclo = 0;
0x0082	0x6A38      	CLRF        _ciclo 
0x0084	0x6A39      	CLRF        _ciclo+1 
;Rayito.c,115 :: 		}
0x0086	0xD020      	BRA         L_Interrupt19
L_Interrupt18:
;Rayito.c,116 :: 		else if(ciclo == 1 && on == 0){
0x0088	0x0E00      	MOVLW       0
0x008A	0x1839      	XORWF       _ciclo+1, 0 
0x008C	0xE102      	BNZ         L__Interrupt122
0x008E	0x0E01      	MOVLW       1
0x0090	0x1838      	XORWF       _ciclo, 0 
L__Interrupt122:
0x0092	0xE10E      	BNZ         L_Interrupt22
0x0094	0x5037      	MOVF        _on, 0 
0x0096	0x0A00      	XORLW       0
0x0098	0xE10B      	BNZ         L_Interrupt22
L__Interrupt108:
;Rayito.c,117 :: 		TMR0IF_bit = 0;
0x009A	0x94F2      	BCF         TMR0IF_bit, BitPos(TMR0IF_bit+0) 
;Rayito.c,118 :: 		TMR0H         = 0xEC;    //permanece en alto por 1.5ms
0x009C	0x0EEC      	MOVLW       236
0x009E	0x6ED7      	MOVWF       TMR0H 
;Rayito.c,119 :: 		TMR0L         = 0x78;
0x00A0	0x0E78      	MOVLW       120
0x00A2	0x6ED6      	MOVWF       TMR0L 
;Rayito.c,120 :: 		TURBINA = 1;
0x00A4	0x8681      	BSF         RB3_bit, BitPos(RB3_bit+0) 
;Rayito.c,121 :: 		T0CON         = 0x88;
0x00A6	0x0E88      	MOVLW       136
0x00A8	0x6ED5      	MOVWF       T0CON 
;Rayito.c,122 :: 		ciclo = 0;
0x00AA	0x6A38      	CLRF        _ciclo 
0x00AC	0x6A39      	CLRF        _ciclo+1 
;Rayito.c,123 :: 		}
0x00AE	0xD00C      	BRA         L_Interrupt23
L_Interrupt22:
;Rayito.c,125 :: 		TMR0IF_bit = 0;
0x00B0	0x94F2      	BCF         TMR0IF_bit, BitPos(TMR0IF_bit+0) 
;Rayito.c,126 :: 		TMR0H         = 0x4B;   //permanece en 0 18.5ms
0x00B2	0x0E4B      	MOVLW       75
0x00B4	0x6ED7      	MOVWF       TMR0H 
;Rayito.c,127 :: 		TMR0L         = 0x56;
0x00B6	0x0E56      	MOVLW       86
0x00B8	0x6ED6      	MOVWF       TMR0L 
;Rayito.c,128 :: 		TURBINA = 0;
0x00BA	0x9681      	BCF         RB3_bit, BitPos(RB3_bit+0) 
;Rayito.c,129 :: 		T0CON         = 0x80;
0x00BC	0x0E80      	MOVLW       128
0x00BE	0x6ED5      	MOVWF       T0CON 
;Rayito.c,130 :: 		ciclo = 1;
0x00C0	0x0E01      	MOVLW       1
0x00C2	0x6E38      	MOVWF       _ciclo 
0x00C4	0x0E00      	MOVLW       0
0x00C6	0x6E39      	MOVWF       _ciclo+1 
;Rayito.c,131 :: 		}
L_Interrupt23:
L_Interrupt19:
L_Interrupt15:
L_Interrupt11:
;Rayito.c,132 :: 		}
L_Interrupt7:
;Rayito.c,133 :: 		}
L_end_Interrupt:
L__Interrupt118:
0x00C8	0xF000C015  	MOVFF       21, R0
0x00CC	0x0011      	RETFIE      1
; end of _Interrupt
_Delay_22us:
;__Lib_Delays.c,15 :: 		void Delay_22us() {
;__Lib_Delays.c,16 :: 		Delay_us(22);
0x00CE	0x0E24      	MOVLW       36
0x00D0	0x6E0D      	MOVWF       R13, 0
L_Delay_22us1:
0x00D2	0x2E0D      	DECFSZ      R13, 1, 0
0x00D4	0xD7FE      	BRA         L_Delay_22us1
0x00D6	0x0000      	NOP
;__Lib_Delays.c,17 :: 		}
L_end_Delay_22us:
0x00D8	0x0012      	RETURN      0
; end of _Delay_22us
_InitTimer0:
;Rayito.c,54 :: 		void InitTimer0(unsigned short estado){
;Rayito.c,56 :: 		if(estado == 0){ //1 ms alto
0x00DA	0x0100      	MOVLB       0
0x00DC	0x5180      	MOVF        FARG_InitTimer0_estado, 0, 1
0x00DE	0x0A00      	XORLW       0
0x00E0	0xE10A      	BNZ         L_InitTimer00
;Rayito.c,57 :: 		T0CON         = 0x88;
0x00E2	0x0E88      	MOVLW       136
0x00E4	0x6ED5      	MOVWF       T0CON 
;Rayito.c,58 :: 		TMR0H         = 0xEC;
0x00E6	0x0EEC      	MOVLW       236
0x00E8	0x6ED7      	MOVWF       TMR0H 
;Rayito.c,59 :: 		TMR0L         = 0x78;
0x00EA	0x0E78      	MOVLW       120
0x00EC	0x6ED6      	MOVWF       TMR0L 
;Rayito.c,60 :: 		GIE_bit         = 1;
0x00EE	0x8EF2      	BSF         GIE_bit, BitPos(GIE_bit+0) 
;Rayito.c,61 :: 		TMR0IE_bit         = 1;
0x00F0	0x8AF2      	BSF         TMR0IE_bit, BitPos(TMR0IE_bit+0) 
;Rayito.c,62 :: 		on = 0;
0x00F2	0x6A37      	CLRF        _on 
;Rayito.c,63 :: 		}
0x00F4	0xD029      	BRA         L_InitTimer01
L_InitTimer00:
;Rayito.c,64 :: 		else if(estado == 1){ //1.5 ms alto
0x00F6	0x5180      	MOVF        FARG_InitTimer0_estado, 0, 1
0x00F8	0x0A01      	XORLW       1
0x00FA	0xE10B      	BNZ         L_InitTimer02
;Rayito.c,65 :: 		T0CON         = 0x88;
0x00FC	0x0E88      	MOVLW       136
0x00FE	0x6ED5      	MOVWF       T0CON 
;Rayito.c,66 :: 		TMR0H         = 0xE2;
0x0100	0x0EE2      	MOVLW       226
0x0102	0x6ED7      	MOVWF       TMR0H 
;Rayito.c,67 :: 		TMR0L         = 0xB4; //valores inicilaes para desbordar en 1.5ms
0x0104	0x0EB4      	MOVLW       180
0x0106	0x6ED6      	MOVWF       TMR0L 
;Rayito.c,68 :: 		GIE_bit         = 1;
0x0108	0x8EF2      	BSF         GIE_bit, BitPos(GIE_bit+0) 
;Rayito.c,69 :: 		TMR0IE_bit         = 1; //set 1
0x010A	0x8AF2      	BSF         TMR0IE_bit, BitPos(TMR0IE_bit+0) 
;Rayito.c,70 :: 		on = 1;
0x010C	0x0E01      	MOVLW       1
0x010E	0x6E37      	MOVWF       _on 
;Rayito.c,71 :: 		}
0x0110	0xD01B      	BRA         L_InitTimer03
L_InitTimer02:
;Rayito.c,72 :: 		else if(estado == 2){ //1.35 ms alto
0x0112	0x5180      	MOVF        FARG_InitTimer0_estado, 0, 1
0x0114	0x0A02      	XORLW       2
0x0116	0xE10B      	BNZ         L_InitTimer04
;Rayito.c,73 :: 		T0CON         = 0x88;
0x0118	0x0E88      	MOVLW       136
0x011A	0x6ED5      	MOVWF       T0CON 
;Rayito.c,74 :: 		TMR0H         = 0xE5;
0x011C	0x0EE5      	MOVLW       229
0x011E	0x6ED7      	MOVWF       TMR0H 
;Rayito.c,75 :: 		TMR0L         = 0xA2;
0x0120	0x0EA2      	MOVLW       162
0x0122	0x6ED6      	MOVWF       TMR0L 
;Rayito.c,76 :: 		GIE_bit         = 1;
0x0124	0x8EF2      	BSF         GIE_bit, BitPos(GIE_bit+0) 
;Rayito.c,77 :: 		TMR0IE_bit         = 1;
0x0126	0x8AF2      	BSF         TMR0IE_bit, BitPos(TMR0IE_bit+0) 
;Rayito.c,78 :: 		on = 2;
0x0128	0x0E02      	MOVLW       2
0x012A	0x6E37      	MOVWF       _on 
;Rayito.c,79 :: 		}
0x012C	0xD00D      	BRA         L_InitTimer05
L_InitTimer04:
;Rayito.c,80 :: 		else if(estado == 3){ //1.35 ms alto
0x012E	0x5180      	MOVF        FARG_InitTimer0_estado, 0, 1
0x0130	0x0A03      	XORLW       3
0x0132	0xE10A      	BNZ         L_InitTimer06
;Rayito.c,81 :: 		T0CON         = 0x88;
0x0134	0x0E88      	MOVLW       136
0x0136	0x6ED5      	MOVWF       T0CON 
;Rayito.c,82 :: 		TMR0H         = 0xE3;
0x0138	0x0EE3      	MOVLW       227
0x013A	0x6ED7      	MOVWF       TMR0H 
;Rayito.c,83 :: 		TMR0L         = 0xAE;
0x013C	0x0EAE      	MOVLW       174
0x013E	0x6ED6      	MOVWF       TMR0L 
;Rayito.c,84 :: 		GIE_bit         = 1;
0x0140	0x8EF2      	BSF         GIE_bit, BitPos(GIE_bit+0) 
;Rayito.c,85 :: 		TMR0IE_bit         = 1;
0x0142	0x8AF2      	BSF         TMR0IE_bit, BitPos(TMR0IE_bit+0) 
;Rayito.c,86 :: 		on = 3;
0x0144	0x0E03      	MOVLW       3
0x0146	0x6E37      	MOVWF       _on 
;Rayito.c,87 :: 		}
L_InitTimer06:
L_InitTimer05:
L_InitTimer03:
L_InitTimer01:
;Rayito.c,88 :: 		}
L_end_InitTimer0:
0x0148	0x0012      	RETURN      0
; end of _InitTimer0
_Mul_16X16_U:
;__Lib_Math.c,440 :: 		
;__Lib_Math.c,447 :: 		
0x014A	0x6A0B      	CLRF        R11, 0
;__Lib_Math.c,448 :: 		
0x014C	0x6A0A      	CLRF        R10, 0
;__Lib_Math.c,449 :: 		
0x014E	0x6A09      	CLRF        R9, 0
;__Lib_Math.c,450 :: 		
0x0150	0x5000      	MOVF        R0, 0, 0
;__Lib_Math.c,451 :: 		
0x0152	0x0204      	MULWF       R4, 0
;__Lib_Math.c,453 :: 		
0x0154	0xF009CFF4  	MOVFF       PRODH, R9
;__Lib_Math.c,454 :: 		
0x0158	0xF008CFF3  	MOVFF       PRODL, R8
;__Lib_Math.c,455 :: 		
0x015C	0x5001      	MOVF        R1, 0, 0
;__Lib_Math.c,456 :: 		
0x015E	0x0205      	MULWF       R5, 0
;__Lib_Math.c,458 :: 		
0x0160	0xF00BCFF4  	MOVFF       PRODH, R11
;__Lib_Math.c,459 :: 		
0x0164	0xF00ACFF3  	MOVFF       PRODL, R10
;__Lib_Math.c,460 :: 		
0x0168	0x5000      	MOVF        R0, 0, 0
;__Lib_Math.c,461 :: 		
0x016A	0x0205      	MULWF       R5, 0
;__Lib_Math.c,463 :: 		
0x016C	0x50F3      	MOVF        PRODL, 0, 0
;__Lib_Math.c,464 :: 		
0x016E	0x2609      	ADDWF       R9, 1, 0
;__Lib_Math.c,465 :: 		
0x0170	0x50F4      	MOVF        PRODH, 0, 0
;__Lib_Math.c,466 :: 		
0x0172	0x220A      	ADDWFC      R10, 1, 0
;__Lib_Math.c,467 :: 		
0x0174	0x6AE8      	CLRF        WREG, 0
;__Lib_Math.c,468 :: 		
0x0176	0x220B      	ADDWFC      R11, 1, 0
;__Lib_Math.c,469 :: 		
0x0178	0x5001      	MOVF        R1, 0, 0
;__Lib_Math.c,470 :: 		
0x017A	0x0204      	MULWF       R4, 0
;__Lib_Math.c,472 :: 		
0x017C	0x50F3      	MOVF        PRODL, 0, 0
;__Lib_Math.c,473 :: 		
0x017E	0x2609      	ADDWF       R9, 1, 0
;__Lib_Math.c,474 :: 		
0x0180	0x50F4      	MOVF        PRODH, 0, 0
;__Lib_Math.c,475 :: 		
0x0182	0x220A      	ADDWFC      R10, 1, 0
;__Lib_Math.c,476 :: 		
0x0184	0x6AE8      	CLRF        WREG, 0
;__Lib_Math.c,477 :: 		
0x0186	0x220B      	ADDWFC      R11, 1, 0
;__Lib_Math.c,479 :: 		
0x0188	0xF000C008  	MOVFF       R8, R0
;__Lib_Math.c,480 :: 		
0x018C	0xF001C009  	MOVFF       R9, R1
;__Lib_Math.c,481 :: 		
0x0190	0xF002C00A  	MOVFF       R10, R2
;__Lib_Math.c,482 :: 		
0x0194	0xF003C00B  	MOVFF       R11, R3
;__Lib_Math.c,485 :: 		
L_end_Mul_16X16_U:
0x0198	0x0012      	RETURN      0
; end of _Mul_16X16_U
_ADC_Read:
;__Lib_ADC_A_D.c,51 :: 		
;__Lib_ADC_A_D.c,54 :: 		
0x019A	0x6AC2      	CLRF        ADCON0 
;__Lib_ADC_A_D.c,55 :: 		
0x019C	0x1C20      	COMF        _vref_mask, 0 
0x019E	0x6E00      	MOVWF       R0 
0x01A0	0x5000      	MOVF        R0, 0 
0x01A2	0x16C1      	ANDWF       ADCON1, 1 
;__Lib_ADC_A_D.c,56 :: 		
0x01A4	0x0E07      	MOVLW       7
0x01A6	0x12C0      	IORWF       ADCON2, 1 
;__Lib_ADC_A_D.c,57 :: 		
0x01A8	0x8EC0      	BSF         ADCON2, 7 
;__Lib_ADC_A_D.c,58 :: 		
0x01AA	0xF000C07F  	MOVFF       FARG_ADC_Read_channel, R0
0x01AE	0x3600      	RLCF        R0, 1 
0x01B0	0x9000      	BCF         R0, 0 
0x01B2	0x3600      	RLCF        R0, 1 
0x01B4	0x9000      	BCF         R0, 0 
0x01B6	0x5000      	MOVF        R0, 0 
0x01B8	0x12C2      	IORWF       ADCON0, 1 
;__Lib_ADC_A_D.c,59 :: 		
0x01BA	0x80C2      	BSF         ADCON0, 0 
;__Lib_ADC_A_D.c,60 :: 		
0x01BC	0xDF88      	RCALL       _Delay_22us
;__Lib_ADC_A_D.c,61 :: 		
0x01BE	0x82C2      	BSF         ADCON0, 1 
;__Lib_ADC_A_D.c,62 :: 		
L_ADC_Read2:
0x01C0	0xA2C2      	BTFSS       ADCON0, 1 
0x01C2	0xD001      	BRA         L_ADC_Read3
;__Lib_ADC_A_D.c,63 :: 		
0x01C4	0xD7FD      	BRA         L_ADC_Read2
L_ADC_Read3:
;__Lib_ADC_A_D.c,64 :: 		
0x01C6	0xF001CFC4  	MOVFF       ADRESH, R1
0x01CA	0x6A00      	CLRF        R0 
;__Lib_ADC_A_D.c,65 :: 		
0x01CC	0x50C3      	MOVF        ADRESL, 0 
0x01CE	0x1200      	IORWF       R0, 1 
0x01D0	0x0E00      	MOVLW       0
0x01D2	0x1201      	IORWF       R1, 1 
;__Lib_ADC_A_D.c,66 :: 		
0x01D4	0x90C2      	BCF         ADCON0, 0 
;__Lib_ADC_A_D.c,68 :: 		
;__Lib_ADC_A_D.c,69 :: 		
L_end_ADC_Read:
0x01D6	0x0012      	RETURN      0
; end of _ADC_Read
_initTurbina:
;Rayito.c,284 :: 		void initTurbina(unsigned short modo){
;Rayito.c,285 :: 		InitTimer0(0);
0x01D8	0x0100      	MOVLB       0
0x01DA	0x6B80      	CLRF        FARG_InitTimer0_estado, 1
0x01DC	0xDF7E      	RCALL       _InitTimer0
;Rayito.c,286 :: 		delay_ms(1500);
0x01DE	0x0E27      	MOVLW       39
0x01E0	0x6E0B      	MOVWF       R11, 0
0x01E2	0x0E0D      	MOVLW       13
0x01E4	0x6E0C      	MOVWF       R12, 0
0x01E6	0x0E26      	MOVLW       38
0x01E8	0x6E0D      	MOVWF       R13, 0
L_initTurbina48:
0x01EA	0x2E0D      	DECFSZ      R13, 1, 0
0x01EC	0xD7FE      	BRA         L_initTurbina48
0x01EE	0x2E0C      	DECFSZ      R12, 1, 0
0x01F0	0xD7FC      	BRA         L_initTurbina48
0x01F2	0x2E0B      	DECFSZ      R11, 1, 0
0x01F4	0xD7FA      	BRA         L_initTurbina48
0x01F6	0x0000      	NOP
;Rayito.c,287 :: 		InitTimer0(modo);
0x01F8	0xF080C07F  	MOVFF       FARG_initTurbina_modo, FARG_InitTimer0_estado
0x01FC	0xDF6E      	RCALL       _InitTimer0
;Rayito.c,288 :: 		}
L_end_initTurbina:
0x01FE	0x0012      	RETURN      0
; end of _initTurbina
_leer_sens:
;Rayito.c,136 :: 		void leer_sens(){  //lee
;Rayito.c,138 :: 		RA4_bit=0; RA3_bit=0; RA2_bit=0; RA1_bit=0;
0x0200	0x9880      	BCF         RA4_bit, BitPos(RA4_bit+0) 
0x0202	0x9680      	BCF         RA3_bit, BitPos(RA3_bit+0) 
0x0204	0x9480      	BCF         RA2_bit, BitPos(RA2_bit+0) 
0x0206	0x9280      	BCF         RA1_bit, BitPos(RA1_bit+0) 
;Rayito.c,139 :: 		sensores[15]=ADC_Read(0);
0x0208	0x0100      	MOVLB       0
0x020A	0x6B7F      	CLRF        FARG_ADC_Read_channel, 1
0x020C	0xDFC6      	RCALL       _ADC_Read
0x020E	0xF067C000  	MOVFF       R0, _sensores+30
0x0212	0xF068C001  	MOVFF       R1, _sensores+31
;Rayito.c,141 :: 		RA4_bit=0; RA3_bit=0; RA2_bit=0; RA1_bit=1;
0x0216	0x9880      	BCF         RA4_bit, BitPos(RA4_bit+0) 
0x0218	0x9680      	BCF         RA3_bit, BitPos(RA3_bit+0) 
0x021A	0x9480      	BCF         RA2_bit, BitPos(RA2_bit+0) 
0x021C	0x8280      	BSF         RA1_bit, BitPos(RA1_bit+0) 
;Rayito.c,142 :: 		sensores[14]=ADC_Read(0);
0x021E	0x0100      	MOVLB       0
0x0220	0x6B7F      	CLRF        FARG_ADC_Read_channel, 1
0x0222	0xDFBB      	RCALL       _ADC_Read
0x0224	0xF065C000  	MOVFF       R0, _sensores+28
0x0228	0xF066C001  	MOVFF       R1, _sensores+29
;Rayito.c,144 :: 		RA4_bit=0; RA3_bit=0; RA2_bit=1; RA1_bit=0;
0x022C	0x9880      	BCF         RA4_bit, BitPos(RA4_bit+0) 
0x022E	0x9680      	BCF         RA3_bit, BitPos(RA3_bit+0) 
0x0230	0x8480      	BSF         RA2_bit, BitPos(RA2_bit+0) 
0x0232	0x9280      	BCF         RA1_bit, BitPos(RA1_bit+0) 
;Rayito.c,145 :: 		sensores[13]=ADC_Read(0);
0x0234	0x0100      	MOVLB       0
0x0236	0x6B7F      	CLRF        FARG_ADC_Read_channel, 1
0x0238	0xDFB0      	RCALL       _ADC_Read
0x023A	0xF063C000  	MOVFF       R0, _sensores+26
0x023E	0xF064C001  	MOVFF       R1, _sensores+27
;Rayito.c,147 :: 		RA4_bit=0; RA3_bit=0; RA2_bit=1; RA1_bit=1;
0x0242	0x9880      	BCF         RA4_bit, BitPos(RA4_bit+0) 
0x0244	0x9680      	BCF         RA3_bit, BitPos(RA3_bit+0) 
0x0246	0x8480      	BSF         RA2_bit, BitPos(RA2_bit+0) 
0x0248	0x8280      	BSF         RA1_bit, BitPos(RA1_bit+0) 
;Rayito.c,148 :: 		sensores[12]=ADC_Read(0);
0x024A	0x0100      	MOVLB       0
0x024C	0x6B7F      	CLRF        FARG_ADC_Read_channel, 1
0x024E	0xDFA5      	RCALL       _ADC_Read
0x0250	0xF061C000  	MOVFF       R0, _sensores+24
0x0254	0xF062C001  	MOVFF       R1, _sensores+25
;Rayito.c,150 :: 		RA4_bit=0; RA3_bit=1; RA2_bit=0; RA1_bit=0;
0x0258	0x9880      	BCF         RA4_bit, BitPos(RA4_bit+0) 
0x025A	0x8680      	BSF         RA3_bit, BitPos(RA3_bit+0) 
0x025C	0x9480      	BCF         RA2_bit, BitPos(RA2_bit+0) 
0x025E	0x9280      	BCF         RA1_bit, BitPos(RA1_bit+0) 
;Rayito.c,151 :: 		sensores[11]=ADC_Read(0);
0x0260	0x0100      	MOVLB       0
0x0262	0x6B7F      	CLRF        FARG_ADC_Read_channel, 1
0x0264	0xDF9A      	RCALL       _ADC_Read
0x0266	0xF05FC000  	MOVFF       R0, _sensores+22
0x026A	0xF060C001  	MOVFF       R1, _sensores+23
;Rayito.c,153 :: 		RA4_bit=0; RA3_bit=1; RA2_bit=0; RA1_bit=1;
0x026E	0x9880      	BCF         RA4_bit, BitPos(RA4_bit+0) 
0x0270	0x8680      	BSF         RA3_bit, BitPos(RA3_bit+0) 
0x0272	0x9480      	BCF         RA2_bit, BitPos(RA2_bit+0) 
0x0274	0x8280      	BSF         RA1_bit, BitPos(RA1_bit+0) 
;Rayito.c,154 :: 		sensores[10]=ADC_Read(0);
0x0276	0x0100      	MOVLB       0
0x0278	0x6B7F      	CLRF        FARG_ADC_Read_channel, 1
0x027A	0xDF8F      	RCALL       _ADC_Read
0x027C	0xF05DC000  	MOVFF       R0, _sensores+20
0x0280	0xF05EC001  	MOVFF       R1, _sensores+21
;Rayito.c,156 :: 		RA4_bit=0; RA3_bit=1; RA2_bit=1; RA1_bit=0;
0x0284	0x9880      	BCF         RA4_bit, BitPos(RA4_bit+0) 
0x0286	0x8680      	BSF         RA3_bit, BitPos(RA3_bit+0) 
0x0288	0x8480      	BSF         RA2_bit, BitPos(RA2_bit+0) 
0x028A	0x9280      	BCF         RA1_bit, BitPos(RA1_bit+0) 
;Rayito.c,157 :: 		sensores[9]=ADC_Read(0);
0x028C	0x0100      	MOVLB       0
0x028E	0x6B7F      	CLRF        FARG_ADC_Read_channel, 1
0x0290	0xDF84      	RCALL       _ADC_Read
0x0292	0xF05BC000  	MOVFF       R0, _sensores+18
0x0296	0xF05CC001  	MOVFF       R1, _sensores+19
;Rayito.c,159 :: 		RA4_bit=0; RA3_bit=1; RA2_bit=1; RA1_bit=1;
0x029A	0x9880      	BCF         RA4_bit, BitPos(RA4_bit+0) 
0x029C	0x8680      	BSF         RA3_bit, BitPos(RA3_bit+0) 
0x029E	0x8480      	BSF         RA2_bit, BitPos(RA2_bit+0) 
0x02A0	0x8280      	BSF         RA1_bit, BitPos(RA1_bit+0) 
;Rayito.c,160 :: 		sensores[8]=ADC_Read(0);
0x02A2	0x0100      	MOVLB       0
0x02A4	0x6B7F      	CLRF        FARG_ADC_Read_channel, 1
0x02A6	0xDF79      	RCALL       _ADC_Read
0x02A8	0xF059C000  	MOVFF       R0, _sensores+16
0x02AC	0xF05AC001  	MOVFF       R1, _sensores+17
;Rayito.c,162 :: 		RA4_bit=1; RA3_bit=0; RA2_bit=0; RA1_bit=0;
0x02B0	0x8880      	BSF         RA4_bit, BitPos(RA4_bit+0) 
0x02B2	0x9680      	BCF         RA3_bit, BitPos(RA3_bit+0) 
0x02B4	0x9480      	BCF         RA2_bit, BitPos(RA2_bit+0) 
0x02B6	0x9280      	BCF         RA1_bit, BitPos(RA1_bit+0) 
;Rayito.c,163 :: 		sensores[7]=ADC_Read(0);
0x02B8	0x0100      	MOVLB       0
0x02BA	0x6B7F      	CLRF        FARG_ADC_Read_channel, 1
0x02BC	0xDF6E      	RCALL       _ADC_Read
0x02BE	0xF057C000  	MOVFF       R0, _sensores+14
0x02C2	0xF058C001  	MOVFF       R1, _sensores+15
;Rayito.c,165 :: 		RA4_bit=1; RA3_bit=0; RA2_bit=0; RA1_bit=1;
0x02C6	0x8880      	BSF         RA4_bit, BitPos(RA4_bit+0) 
0x02C8	0x9680      	BCF         RA3_bit, BitPos(RA3_bit+0) 
0x02CA	0x9480      	BCF         RA2_bit, BitPos(RA2_bit+0) 
0x02CC	0x8280      	BSF         RA1_bit, BitPos(RA1_bit+0) 
;Rayito.c,166 :: 		sensores[6]=ADC_Read(0);
0x02CE	0x0100      	MOVLB       0
0x02D0	0x6B7F      	CLRF        FARG_ADC_Read_channel, 1
0x02D2	0xDF63      	RCALL       _ADC_Read
0x02D4	0xF055C000  	MOVFF       R0, _sensores+12
0x02D8	0xF056C001  	MOVFF       R1, _sensores+13
;Rayito.c,168 :: 		RA4_bit=1; RA3_bit=0; RA2_bit=1; RA1_bit=0;
0x02DC	0x8880      	BSF         RA4_bit, BitPos(RA4_bit+0) 
0x02DE	0x9680      	BCF         RA3_bit, BitPos(RA3_bit+0) 
0x02E0	0x8480      	BSF         RA2_bit, BitPos(RA2_bit+0) 
0x02E2	0x9280      	BCF         RA1_bit, BitPos(RA1_bit+0) 
;Rayito.c,169 :: 		sensores[5]=ADC_Read(0);
0x02E4	0x0100      	MOVLB       0
0x02E6	0x6B7F      	CLRF        FARG_ADC_Read_channel, 1
0x02E8	0xDF58      	RCALL       _ADC_Read
0x02EA	0xF053C000  	MOVFF       R0, _sensores+10
0x02EE	0xF054C001  	MOVFF       R1, _sensores+11
;Rayito.c,171 :: 		RA4_bit=1; RA3_bit=0; RA2_bit=1; RA1_bit=1;
0x02F2	0x8880      	BSF         RA4_bit, BitPos(RA4_bit+0) 
0x02F4	0x9680      	BCF         RA3_bit, BitPos(RA3_bit+0) 
0x02F6	0x8480      	BSF         RA2_bit, BitPos(RA2_bit+0) 
0x02F8	0x8280      	BSF         RA1_bit, BitPos(RA1_bit+0) 
;Rayito.c,172 :: 		sensores[4]=ADC_Read(0);
0x02FA	0x0100      	MOVLB       0
0x02FC	0x6B7F      	CLRF        FARG_ADC_Read_channel, 1
0x02FE	0xDF4D      	RCALL       _ADC_Read
0x0300	0xF051C000  	MOVFF       R0, _sensores+8
0x0304	0xF052C001  	MOVFF       R1, _sensores+9
;Rayito.c,174 :: 		RA4_bit=1; RA3_bit=1; RA2_bit=0; RA1_bit=0;
0x0308	0x8880      	BSF         RA4_bit, BitPos(RA4_bit+0) 
0x030A	0x8680      	BSF         RA3_bit, BitPos(RA3_bit+0) 
0x030C	0x9480      	BCF         RA2_bit, BitPos(RA2_bit+0) 
0x030E	0x9280      	BCF         RA1_bit, BitPos(RA1_bit+0) 
;Rayito.c,175 :: 		sensores[3]=ADC_Read(0);
0x0310	0x0100      	MOVLB       0
0x0312	0x6B7F      	CLRF        FARG_ADC_Read_channel, 1
0x0314	0xDF42      	RCALL       _ADC_Read
0x0316	0xF04FC000  	MOVFF       R0, _sensores+6
0x031A	0xF050C001  	MOVFF       R1, _sensores+7
;Rayito.c,177 :: 		RA4_bit=1; RA3_bit=1; RA2_bit=0; RA1_bit=1;
0x031E	0x8880      	BSF         RA4_bit, BitPos(RA4_bit+0) 
0x0320	0x8680      	BSF         RA3_bit, BitPos(RA3_bit+0) 
0x0322	0x9480      	BCF         RA2_bit, BitPos(RA2_bit+0) 
0x0324	0x8280      	BSF         RA1_bit, BitPos(RA1_bit+0) 
;Rayito.c,178 :: 		sensores[2]=ADC_Read(0);
0x0326	0x0100      	MOVLB       0
0x0328	0x6B7F      	CLRF        FARG_ADC_Read_channel, 1
0x032A	0xDF37      	RCALL       _ADC_Read
0x032C	0xF04DC000  	MOVFF       R0, _sensores+4
0x0330	0xF04EC001  	MOVFF       R1, _sensores+5
;Rayito.c,180 :: 		RA4_bit=1; RA3_bit=1; RA2_bit=1; RA1_bit=0;
0x0334	0x8880      	BSF         RA4_bit, BitPos(RA4_bit+0) 
0x0336	0x8680      	BSF         RA3_bit, BitPos(RA3_bit+0) 
0x0338	0x8480      	BSF         RA2_bit, BitPos(RA2_bit+0) 
0x033A	0x9280      	BCF         RA1_bit, BitPos(RA1_bit+0) 
;Rayito.c,181 :: 		sensores[1]=ADC_Read(0);
0x033C	0x0100      	MOVLB       0
0x033E	0x6B7F      	CLRF        FARG_ADC_Read_channel, 1
0x0340	0xDF2C      	RCALL       _ADC_Read
0x0342	0xF04BC000  	MOVFF       R0, _sensores+2
0x0346	0xF04CC001  	MOVFF       R1, _sensores+3
;Rayito.c,183 :: 		RA4_bit=1; RA3_bit=1; RA2_bit=1; RA1_bit=1;
0x034A	0x8880      	BSF         RA4_bit, BitPos(RA4_bit+0) 
0x034C	0x8680      	BSF         RA3_bit, BitPos(RA3_bit+0) 
0x034E	0x8480      	BSF         RA2_bit, BitPos(RA2_bit+0) 
0x0350	0x8280      	BSF         RA1_bit, BitPos(RA1_bit+0) 
;Rayito.c,184 :: 		sensores[0]=ADC_Read(0);
0x0352	0x0100      	MOVLB       0
0x0354	0x6B7F      	CLRF        FARG_ADC_Read_channel, 1
0x0356	0xDF21      	RCALL       _ADC_Read
0x0358	0xF049C000  	MOVFF       R0, _sensores
0x035C	0xF04AC001  	MOVFF       R1, _sensores+1
;Rayito.c,195 :: 		}  // combertimos los analogicos a digitales y los almacenamos en en el arreglo de sensores
L_end_leer_sens:
0x0360	0x0012      	RETURN      0
; end of _leer_sens
_UART1_Write:
;__Lib_UART_c67.c,58 :: 		
;__Lib_UART_c67.c,59 :: 		
L_UART1_Write3:
0x0362	0xB2AC      	BTFSC       TXSTA, 1 
0x0364	0xD002      	BRA         L_UART1_Write4
;__Lib_UART_c67.c,60 :: 		
0x0366	0x0000      	NOP
0x0368	0xD7FC      	BRA         L_UART1_Write3
L_UART1_Write4:
;__Lib_UART_c67.c,61 :: 		
0x036A	0xFFADC07D  	MOVFF       FARG_UART1_Write_data_, TXREG
;__Lib_UART_c67.c,62 :: 		
L_end_UART1_Write:
0x036E	0x0012      	RETURN      0
; end of _UART1_Write
_usarTurbina:
;Rayito.c,291 :: 		void usarTurbina(unsigned short enable, unsigned short modo){
;Rayito.c,293 :: 		if(enable == 1){
0x0370	0x0100      	MOVLB       0
0x0372	0x517D      	MOVF        FARG_usarTurbina_enable, 0, 1
0x0374	0x0A01      	XORLW       1
0x0376	0xE111      	BNZ         L_usarTurbina49
;Rayito.c,294 :: 		initTurbina(modo);
0x0378	0xF07FC07E  	MOVFF       FARG_usarTurbina_modo, FARG_initTurbina_modo
0x037C	0xDF2D      	RCALL       _initTurbina
;Rayito.c,295 :: 		delay_ms(1000);
0x037E	0x0E1A      	MOVLW       26
0x0380	0x6E0B      	MOVWF       R11, 0
0x0382	0x0E5E      	MOVLW       94
0x0384	0x6E0C      	MOVWF       R12, 0
0x0386	0x0E6E      	MOVLW       110
0x0388	0x6E0D      	MOVWF       R13, 0
L_usarTurbina50:
0x038A	0x2E0D      	DECFSZ      R13, 1, 0
0x038C	0xD7FE      	BRA         L_usarTurbina50
0x038E	0x2E0C      	DECFSZ      R12, 1, 0
0x0390	0xD7FC      	BRA         L_usarTurbina50
0x0392	0x2E0B      	DECFSZ      R11, 1, 0
0x0394	0xD7FA      	BRA         L_usarTurbina50
0x0396	0x0000      	NOP
;Rayito.c,296 :: 		}
0x0398	0xD009      	BRA         L_usarTurbina51
L_usarTurbina49:
;Rayito.c,297 :: 		else if (enable == 0){
0x039A	0x517D      	MOVF        FARG_usarTurbina_enable, 0, 1
0x039C	0x0A00      	XORLW       0
0x039E	0xE106      	BNZ         L_usarTurbina52
;Rayito.c,298 :: 		T0CON = 0x00;
0x03A0	0x6AD5      	CLRF        T0CON 
;Rayito.c,299 :: 		TMR0H = 0x00;
0x03A2	0x6AD7      	CLRF        TMR0H 
;Rayito.c,300 :: 		TMR0L = 0x00;
0x03A4	0x6AD6      	CLRF        TMR0L 
;Rayito.c,301 :: 		GIE_bit = 0;
0x03A6	0x9EF2      	BCF         GIE_bit, BitPos(GIE_bit+0) 
;Rayito.c,302 :: 		TMR0IE_bit = 0;
0x03A8	0x9AF2      	BCF         TMR0IE_bit, BitPos(TMR0IE_bit+0) 
;Rayito.c,303 :: 		TURBINA = 0;
0x03AA	0x9681      	BCF         RB3_bit, BitPos(RB3_bit+0) 
;Rayito.c,304 :: 		}
L_usarTurbina52:
L_usarTurbina51:
;Rayito.c,306 :: 		}
L_end_usarTurbina:
0x03AC	0x0012      	RETURN      0
; end of _usarTurbina
_PWM2_Set_Duty:
;__Lib_PWM_c21.c,8 :: 		
;__Lib_PWM_c21.c,12 :: 		
0x03AE	0x50CB      	MOVF        PR2, 0 
0x03B0	0x0F01      	ADDLW       1
0x03B2	0x6E00      	MOVWF       R0 
0x03B4	0x6A01      	CLRF        R1 
0x03B6	0x0E00      	MOVLW       0
0x03B8	0x2201      	ADDWFC      R1, 1 
0x03BA	0xF004C07D  	MOVFF       FARG_PWM2_Set_Duty_new_duty, R4
0x03BE	0x0E00      	MOVLW       0
0x03C0	0x6E05      	MOVWF       R5 
0x03C2	0xDEC3      	RCALL       _Mul_16X16_U
0x03C4	0x0E06      	MOVLW       6
0x03C6	0x6E02      	MOVWF       R2 
0x03C8	0xF004C000  	MOVFF       R0, R4
0x03CC	0xF005C001  	MOVFF       R1, R5
0x03D0	0x5002      	MOVF        R2, 0 
L__PWM2_Set_Duty2:
0x03D2	0xE005      	BZ          L__PWM2_Set_Duty3
0x03D4	0x3205      	RRCF        R5, 1 
0x03D6	0x3204      	RRCF        R4, 1 
0x03D8	0x9E05      	BCF         R5, 7 
0x03DA	0x0FFF      	ADDLW       255
0x03DC	0xD7FA      	BRA         L__PWM2_Set_Duty2
L__PWM2_Set_Duty3:
;__Lib_PWM_c21.c,13 :: 		
0x03DE	0x0E04      	MOVLW       4
0x03E0	0x6E01      	MOVWF       R1 
0x03E2	0xF000C004  	MOVFF       R4, R0
0x03E6	0x5001      	MOVF        R1, 0 
L__PWM2_Set_Duty4:
0x03E8	0xE004      	BZ          L__PWM2_Set_Duty5
0x03EA	0x3600      	RLCF        R0, 1 
0x03EC	0x9000      	BCF         R0, 0 
0x03EE	0x0FFF      	ADDLW       255
0x03F0	0xD7FB      	BRA         L__PWM2_Set_Duty4
L__PWM2_Set_Duty5:
0x03F2	0x0E30      	MOVLW       48
0x03F4	0x1400      	ANDWF       R0, 0 
0x03F6	0x6E03      	MOVWF       R3 
;__Lib_PWM_c21.c,14 :: 		
0x03F8	0xF000C004  	MOVFF       R4, R0
0x03FC	0xF001C005  	MOVFF       R5, R1
0x0400	0x3201      	RRCF        R1, 1 
0x0402	0x3200      	RRCF        R0, 1 
0x0404	0x9E01      	BCF         R1, 7 
0x0406	0x3201      	RRCF        R1, 1 
0x0408	0x3200      	RRCF        R0, 1 
0x040A	0x9E01      	BCF         R1, 7 
0x040C	0xFFBBC000  	MOVFF       R0, CCPR2L
;__Lib_PWM_c21.c,15 :: 		
0x0410	0x0E0F      	MOVLW       15
0x0412	0x16BA      	ANDWF       CCP2CON, 1 
;__Lib_PWM_c21.c,16 :: 		
0x0414	0x5003      	MOVF        R3, 0 
0x0416	0x12BA      	IORWF       CCP2CON, 1 
;__Lib_PWM_c21.c,17 :: 		
L_end_PWM2_Set_Duty:
0x0418	0x0012      	RETURN      0
; end of _PWM2_Set_Duty
_PWM1_Set_Duty:
;__Lib_PWM_c21.c,42 :: 		
;__Lib_PWM_c21.c,46 :: 		
0x041A	0x50CB      	MOVF        PR2, 0 
0x041C	0x0F01      	ADDLW       1
0x041E	0x6E00      	MOVWF       R0 
0x0420	0x6A01      	CLRF        R1 
0x0422	0x0E00      	MOVLW       0
0x0424	0x2201      	ADDWFC      R1, 1 
0x0426	0xF004C07D  	MOVFF       FARG_PWM1_Set_Duty_new_duty, R4
0x042A	0x0E00      	MOVLW       0
0x042C	0x6E05      	MOVWF       R5 
0x042E	0xDE8D      	RCALL       _Mul_16X16_U
0x0430	0x0E06      	MOVLW       6
0x0432	0x6E02      	MOVWF       R2 
0x0434	0xF004C000  	MOVFF       R0, R4
0x0438	0xF005C001  	MOVFF       R1, R5
0x043C	0x5002      	MOVF        R2, 0 
L__PWM1_Set_Duty10:
0x043E	0xE005      	BZ          L__PWM1_Set_Duty11
0x0440	0x3205      	RRCF        R5, 1 
0x0442	0x3204      	RRCF        R4, 1 
0x0444	0x9E05      	BCF         R5, 7 
0x0446	0x0FFF      	ADDLW       255
0x0448	0xD7FA      	BRA         L__PWM1_Set_Duty10
L__PWM1_Set_Duty11:
;__Lib_PWM_c21.c,47 :: 		
0x044A	0x0E04      	MOVLW       4
0x044C	0x6E01      	MOVWF       R1 
0x044E	0xF000C004  	MOVFF       R4, R0
0x0452	0x5001      	MOVF        R1, 0 
L__PWM1_Set_Duty12:
0x0454	0xE004      	BZ          L__PWM1_Set_Duty13
0x0456	0x3600      	RLCF        R0, 1 
0x0458	0x9000      	BCF         R0, 0 
0x045A	0x0FFF      	ADDLW       255
0x045C	0xD7FB      	BRA         L__PWM1_Set_Duty12
L__PWM1_Set_Duty13:
0x045E	0x0E30      	MOVLW       48
0x0460	0x1400      	ANDWF       R0, 0 
0x0462	0x6E03      	MOVWF       R3 
;__Lib_PWM_c21.c,48 :: 		
0x0464	0xF000C004  	MOVFF       R4, R0
0x0468	0xF001C005  	MOVFF       R5, R1
0x046C	0x3201      	RRCF        R1, 1 
0x046E	0x3200      	RRCF        R0, 1 
0x0470	0x9E01      	BCF         R1, 7 
0x0472	0x3201      	RRCF        R1, 1 
0x0474	0x3200      	RRCF        R0, 1 
0x0476	0x9E01      	BCF         R1, 7 
0x0478	0xFFBEC000  	MOVFF       R0, CCPR1L
;__Lib_PWM_c21.c,49 :: 		
0x047C	0x0E0F      	MOVLW       15
0x047E	0x16BD      	ANDWF       CCP1CON, 1 
;__Lib_PWM_c21.c,50 :: 		
0x0480	0x5003      	MOVF        R3, 0 
0x0482	0x12BD      	IORWF       CCP1CON, 1 
;__Lib_PWM_c21.c,51 :: 		
L_end_PWM1_Set_Duty:
0x0484	0x0012      	RETURN      0
; end of _PWM1_Set_Duty
_limpiar:
;Rayito.c,308 :: 		void limpiar(){
;Rayito.c,309 :: 		error = 0;
0x0486	0x6A16      	CLRF        _error 
0x0488	0x6A17      	CLRF        _error+1 
0x048A	0x6A18      	CLRF        _error+2 
0x048C	0x6A19      	CLRF        _error+3 
;Rayito.c,310 :: 		error_integral = 0;
0x048E	0x6A21      	CLRF        _error_integral 
0x0490	0x6A22      	CLRF        _error_integral+1 
0x0492	0x6A23      	CLRF        _error_integral+2 
0x0494	0x6A24      	CLRF        _error_integral+3 
;Rayito.c,311 :: 		error_pasado = 0;
0x0496	0x6A29      	CLRF        _error_pasado 
0x0498	0x6A2A      	CLRF        _error_pasado+1 
0x049A	0x6A2B      	CLRF        _error_pasado+2 
0x049C	0x6A2C      	CLRF        _error_pasado+3 
;Rayito.c,312 :: 		PWM1_Set_Duty(0);//regulas cuantos V q se manda
0x049E	0x0100      	MOVLB       0
0x04A0	0x6B7D      	CLRF        FARG_PWM1_Set_Duty_new_duty, 1
0x04A2	0xDFBB      	RCALL       _PWM1_Set_Duty
;Rayito.c,313 :: 		PWM2_Set_Duty(0);
0x04A4	0x0100      	MOVLB       0
0x04A6	0x6B7D      	CLRF        FARG_PWM2_Set_Duty_new_duty, 1
0x04A8	0xDF82      	RCALL       _PWM2_Set_Duty
;Rayito.c,314 :: 		parar
0x04AA	0x9083      	BCF         RD0_bit, BitPos(RD0_bit+0) 
0x04AC	0x9283      	BCF         RD1_bit, BitPos(RD1_bit+0) 
0x04AE	0x9483      	BCF         RD2_bit, BitPos(RD2_bit+0) 
0x04B0	0x9683      	BCF         RD3_bit, BitPos(RD3_bit+0) 
;Rayito.c,315 :: 		delay_ms(1000);
0x04B2	0x0E1A      	MOVLW       26
0x04B4	0x6E0B      	MOVWF       R11, 0
0x04B6	0x0E5E      	MOVLW       94
0x04B8	0x6E0C      	MOVWF       R12, 0
0x04BA	0x0E6E      	MOVLW       110
0x04BC	0x6E0D      	MOVWF       R13, 0
L_limpiar53:
0x04BE	0x2E0D      	DECFSZ      R13, 1, 0
0x04C0	0xD7FE      	BRA         L_limpiar53
0x04C2	0x2E0C      	DECFSZ      R12, 1, 0
0x04C4	0xD7FC      	BRA         L_limpiar53
0x04C6	0x2E0B      	DECFSZ      R11, 1, 0
0x04C8	0xD7FA      	BRA         L_limpiar53
0x04CA	0x0000      	NOP
;Rayito.c,316 :: 		usarTurbina(1,0);
0x04CC	0x0E01      	MOVLW       1
0x04CE	0x0100      	MOVLB       0
0x04D0	0x6F7D      	MOVWF       FARG_usarTurbina_enable, 1
0x04D2	0x6B7E      	CLRF        FARG_usarTurbina_modo, 1
0x04D4	0xDF4D      	RCALL       _usarTurbina
;Rayito.c,317 :: 		LED1 = 0;
0x04D6	0x9081      	BCF         RB0_bit, BitPos(RB0_bit+0) 
;Rayito.c,318 :: 		LED2 = 0;
0x04D8	0x9281      	BCF         RB1_bit, BitPos(RB1_bit+0) 
;Rayito.c,319 :: 		LED3 = 0;
0x04DA	0x9481      	BCF         RB2_bit, BitPos(RB2_bit+0) 
;Rayito.c,320 :: 		}
L_end_limpiar:
0x04DC	0x0012      	RETURN      0
; end of _limpiar
_PWM1_Init:
;__Lib_PWM_c21.c,35 :: 		
;__Lib_PWM_c21.c,36 :: 		
;__Lib_PWM_c21.c,37 :: 		
0x04DE	0x6ABE      	CLRF        CCPR1L 
;__Lib_PWM_c21.c,38 :: 		
0x04E0	0x98BD      	BCF         CCP1CON, 4 
;__Lib_PWM_c21.c,39 :: 		
0x04E2	0x9ABD      	BCF         CCP1CON, 5 
;__Lib_PWM_c21.c,40 :: 		
L_end_PWM1_Init:
0x04E4	0x0012      	RETURN      0
; end of _PWM1_Init
_PWM2_Init:
;__Lib_PWM_c21.c,1 :: 		
;__Lib_PWM_c21.c,2 :: 		
;__Lib_PWM_c21.c,3 :: 		
0x04E6	0x6ABB      	CLRF        CCPR2L 
;__Lib_PWM_c21.c,4 :: 		
0x04E8	0x98BA      	BCF         CCP2CON, 4 
;__Lib_PWM_c21.c,5 :: 		
0x04EA	0x9ABA      	BCF         CCP2CON, 5 
;__Lib_PWM_c21.c,6 :: 		
L_end_PWM2_Init:
0x04EC	0x0012      	RETURN      0
; end of _PWM2_Init
_ADC_Init:
;__Lib_ADC_A_D.c,13 :: 		
;__Lib_ADC_A_D.c,14 :: 		
0x04EE	0x0EFF      	MOVLW       _ADC_Get_Sample
0x04F0	0x6E45      	MOVWF       _ADC_Get_Sample_Ptr 
0x04F2	0x0EFF      	MOVLW       hi_addr(_ADC_Get_Sample)
0x04F4	0x6E46      	MOVWF       _ADC_Get_Sample_Ptr+1 
0x04F6	0x0EFF      	MOVLW       FARG_ADC_Get_Sample_channel
0x04F8	0x6E47      	MOVWF       _ADC_Get_Sample_Ptr+2 
0x04FA	0x0EFF      	MOVLW       hi_addr(FARG_ADC_Get_Sample_channel)
0x04FC	0x6E48      	MOVWF       _ADC_Get_Sample_Ptr+3 
;__Lib_ADC_A_D.c,16 :: 		
0x04FE	0x6AC2      	CLRF        ADCON0 
;__Lib_ADC_A_D.c,17 :: 		
0x0500	0x1C20      	COMF        _vref_mask, 0 
0x0502	0x6E00      	MOVWF       R0 
0x0504	0x5000      	MOVF        R0, 0 
0x0506	0x16C1      	ANDWF       ADCON1, 1 
;__Lib_ADC_A_D.c,18 :: 		
0x0508	0x0E07      	MOVLW       7
0x050A	0x12C0      	IORWF       ADCON2, 1 
;__Lib_ADC_A_D.c,19 :: 		
0x050C	0x8EC0      	BSF         ADCON2, 7 
;__Lib_ADC_A_D.c,20 :: 		
0x050E	0x80C2      	BSF         ADCON0, 0 
;__Lib_ADC_A_D.c,21 :: 		
L_end_ADC_Init:
0x0510	0x0012      	RETURN      0
; end of _ADC_Init
___CC2DW:
;__Lib_System.c,21 :: 		
;__Lib_System.c,23 :: 		
_CC2DL_Loop1:
;__Lib_System.c,24 :: 		
0x0512	0x0009      	TBLRD*+
;__Lib_System.c,25 :: 		
0x0514	0xFFE6CFF5  	MOVFF       TABLAT, POSTINC1
;__Lib_System.c,26 :: 		
0x0518	0x0600      	DECF        R0, 1, 0
;__Lib_System.c,27 :: 		
0x051A	0xE1FB      	BNZ         _CC2DL_Loop1
;__Lib_System.c,28 :: 		
0x051C	0x0601      	DECF        R1, 1, 0
;__Lib_System.c,29 :: 		
0x051E	0xE1F9      	BNZ         _CC2DL_Loop1
;__Lib_System.c,31 :: 		
L_end___CC2DW:
0x0520	0x0012      	RETURN      0
; end of ___CC2DW
_PWM1_Start:
;__Lib_PWM_c21.c,53 :: 		
;__Lib_PWM_c21.c,54 :: 		
0x0522	0x9494      	BCF         TRISC2_bit, BitPos(TRISC2_bit+0) 
;__Lib_PWM_c21.c,55 :: 		
0x0524	0x84CA      	BSF         T2CON, 2 
;__Lib_PWM_c21.c,56 :: 		
0x0526	0x0E0C      	MOVLW       12
0x0528	0x12BD      	IORWF       CCP1CON, 1 
;__Lib_PWM_c21.c,57 :: 		
L_end_PWM1_Start:
0x052A	0x0012      	RETURN      0
; end of _PWM1_Start
_UART1_Write_Text:
;__Lib_UART_c67.c,66 :: 		
;__Lib_UART_c67.c,67 :: 		
0x052C	0x0100      	MOVLB       0
0x052E	0x6B7C      	CLRF        UART1_Write_Text_counter_L0, 1
;__Lib_UART_c67.c,69 :: 		
0x0530	0xFFE9C079  	MOVFF       FARG_UART1_Write_Text_uart_text, FSR0L
0x0534	0xFFEAC07A  	MOVFF       FARG_UART1_Write_Text_uart_text+1, FSR0H
0x0538	0xF07BCFEE  	MOVFF       POSTINC0, UART1_Write_Text_data__L0
;__Lib_UART_c67.c,70 :: 		
L_UART1_Write_Text5:
0x053C	0x517B      	MOVF        UART1_Write_Text_data__L0, 0, 1
0x053E	0x0A00      	XORLW       0
0x0540	0xE00E      	BZ          L_UART1_Write_Text6
;__Lib_UART_c67.c,71 :: 		
0x0542	0xF07DC07B  	MOVFF       UART1_Write_Text_data__L0, FARG_UART1_Write_data_
0x0546	0xDF0D      	RCALL       _UART1_Write
;__Lib_UART_c67.c,72 :: 		
0x0548	0x0100      	MOVLB       0
0x054A	0x2B7C      	INCF        UART1_Write_Text_counter_L0, 1, 1
;__Lib_UART_c67.c,73 :: 		
0x054C	0x517C      	MOVF        UART1_Write_Text_counter_L0, 0, 1
0x054E	0x2579      	ADDWF       FARG_UART1_Write_Text_uart_text, 0, 1
0x0550	0x6EE9      	MOVWF       FSR0L 
0x0552	0x0E00      	MOVLW       0
0x0554	0x217A      	ADDWFC      FARG_UART1_Write_Text_uart_text+1, 0, 1
0x0556	0x6EEA      	MOVWF       FSR0H 
0x0558	0xF07BCFEE  	MOVFF       POSTINC0, UART1_Write_Text_data__L0
;__Lib_UART_c67.c,74 :: 		
0x055C	0xD7EF      	BRA         L_UART1_Write_Text5
L_UART1_Write_Text6:
;__Lib_UART_c67.c,75 :: 		
L_end_UART1_Write_Text:
0x055E	0x0012      	RETURN      0
; end of _UART1_Write_Text
_calibrar_sens:
;Rayito.c,197 :: 		void calibrar_sens(int tiempo){
;Rayito.c,199 :: 		int k=0;
0x0560	0x0100      	MOVLB       0
0x0562	0x6B7B      	CLRF        calibrar_sens_k_L0, 1
0x0564	0x6B7C      	CLRF        calibrar_sens_k_L0+1, 1
;Rayito.c,201 :: 		for(k=0;k<=tiempo;k++){
0x0566	0x6B7B      	CLRF        calibrar_sens_k_L0, 1
0x0568	0x6B7C      	CLRF        calibrar_sens_k_L0+1, 1
L_calibrar_sens24:
0x056A	0x0E80      	MOVLW       128
0x056C	0x197A      	XORWF       FARG_calibrar_sens_tiempo+1, 0, 1
0x056E	0x6E00      	MOVWF       R0 
0x0570	0x0E80      	MOVLW       128
0x0572	0x197C      	XORWF       calibrar_sens_k_L0+1, 0, 1
0x0574	0x5C00      	SUBWF       R0, 0 
0x0576	0xE102      	BNZ         L__calibrar_sens125
0x0578	0x517B      	MOVF        calibrar_sens_k_L0, 0, 1
0x057A	0x5D79      	SUBWF       FARG_calibrar_sens_tiempo, 0, 1
L__calibrar_sens125:
0x057C	0xA0D8      	BTFSS       STATUS, 0 
0x057E	0xD095      	BRA         L_calibrar_sens25
;Rayito.c,202 :: 		LED1 = 1;
0x0580	0x8081      	BSF         RB0_bit, BitPos(RB0_bit+0) 
;Rayito.c,203 :: 		LED2 = 1;
0x0582	0x8281      	BSF         RB1_bit, BitPos(RB1_bit+0) 
;Rayito.c,204 :: 		LED3 = 1;
0x0584	0x8481      	BSF         RB2_bit, BitPos(RB2_bit+0) 
;Rayito.c,205 :: 		leer_sens();
0x0586	0xDE3C      	RCALL       _leer_sens
;Rayito.c,206 :: 		Delay_ms(50);
0x0588	0x0E02      	MOVLW       2
0x058A	0x6E0B      	MOVWF       R11, 0
0x058C	0x0E45      	MOVLW       69
0x058E	0x6E0C      	MOVWF       R12, 0
0x0590	0x0EA9      	MOVLW       169
0x0592	0x6E0D      	MOVWF       R13, 0
L_calibrar_sens27:
0x0594	0x2E0D      	DECFSZ      R13, 1, 0
0x0596	0xD7FE      	BRA         L_calibrar_sens27
0x0598	0x2E0C      	DECFSZ      R12, 1, 0
0x059A	0xD7FC      	BRA         L_calibrar_sens27
0x059C	0x2E0B      	DECFSZ      R11, 1, 0
0x059E	0xD7FA      	BRA         L_calibrar_sens27
0x05A0	0x0000      	NOP
0x05A2	0x0000      	NOP
;Rayito.c,209 :: 		vmax = sensores[0];
0x05A4	0xF025C049  	MOVFF       _sensores, _vmax
0x05A8	0xF026C04A  	MOVFF       _sensores+1, _vmax+1
;Rayito.c,210 :: 		vmin = sensores[0];
0x05AC	0xF027C049  	MOVFF       _sensores, _vmin
0x05B0	0xF028C04A  	MOVFF       _sensores+1, _vmin+1
;Rayito.c,211 :: 		for (i=0; i<=15; i++){
0x05B4	0x6A2D      	CLRF        _i 
0x05B6	0x6A2E      	CLRF        _i+1 
L_calibrar_sens28:
0x05B8	0x0E80      	MOVLW       128
0x05BA	0x6E00      	MOVWF       R0 
0x05BC	0x0E80      	MOVLW       128
0x05BE	0x182E      	XORWF       _i+1, 0 
0x05C0	0x5C00      	SUBWF       R0, 0 
0x05C2	0xE102      	BNZ         L__calibrar_sens126
0x05C4	0x502D      	MOVF        _i, 0 
0x05C6	0x080F      	SUBLW       15
L__calibrar_sens126:
0x05C8	0xE35B      	BNC         L_calibrar_sens29
;Rayito.c,212 :: 		if (sensores[i]> vmax){
0x05CA	0xF000C02D  	MOVFF       _i, R0
0x05CE	0xF001C02E  	MOVFF       _i+1, R1
0x05D2	0x3600      	RLCF        R0, 1 
0x05D4	0x9000      	BCF         R0, 0 
0x05D6	0x3601      	RLCF        R1, 1 
0x05D8	0x0E49      	MOVLW       _sensores
0x05DA	0x2400      	ADDWF       R0, 0 
0x05DC	0x6EE9      	MOVWF       FSR0L 
0x05DE	0x0E00      	MOVLW       hi_addr(_sensores)
0x05E0	0x2001      	ADDWFC      R1, 0 
0x05E2	0x6EEA      	MOVWF       FSR0H 
0x05E4	0xF001CFEE  	MOVFF       POSTINC0, R1
0x05E8	0xF002CFEE  	MOVFF       POSTINC0, R2
0x05EC	0x0E80      	MOVLW       128
0x05EE	0x1826      	XORWF       _vmax+1, 0 
0x05F0	0x6E00      	MOVWF       R0 
0x05F2	0x0E80      	MOVLW       128
0x05F4	0x1802      	XORWF       R2, 0 
0x05F6	0x5C00      	SUBWF       R0, 0 
0x05F8	0xE102      	BNZ         L__calibrar_sens127
0x05FA	0x5001      	MOVF        R1, 0 
0x05FC	0x5C25      	SUBWF       _vmax, 0 
L__calibrar_sens127:
0x05FE	0xE211      	BC          L_calibrar_sens31
;Rayito.c,213 :: 		vmax=sensores[i];
0x0600	0xF000C02D  	MOVFF       _i, R0
0x0604	0xF001C02E  	MOVFF       _i+1, R1
0x0608	0x3600      	RLCF        R0, 1 
0x060A	0x9000      	BCF         R0, 0 
0x060C	0x3601      	RLCF        R1, 1 
0x060E	0x0E49      	MOVLW       _sensores
0x0610	0x2400      	ADDWF       R0, 0 
0x0612	0x6EE9      	MOVWF       FSR0L 
0x0614	0x0E00      	MOVLW       hi_addr(_sensores)
0x0616	0x2001      	ADDWFC      R1, 0 
0x0618	0x6EEA      	MOVWF       FSR0H 
0x061A	0xF025CFEE  	MOVFF       POSTINC0, _vmax
0x061E	0xF026CFEE  	MOVFF       POSTINC0, _vmax+1
;Rayito.c,214 :: 		}
L_calibrar_sens31:
;Rayito.c,215 :: 		if (sensores[i]< vmin){
0x0622	0xF000C02D  	MOVFF       _i, R0
0x0626	0xF001C02E  	MOVFF       _i+1, R1
0x062A	0x3600      	RLCF        R0, 1 
0x062C	0x9000      	BCF         R0, 0 
0x062E	0x3601      	RLCF        R1, 1 
0x0630	0x0E49      	MOVLW       _sensores
0x0632	0x2400      	ADDWF       R0, 0 
0x0634	0x6EE9      	MOVWF       FSR0L 
0x0636	0x0E00      	MOVLW       hi_addr(_sensores)
0x0638	0x2001      	ADDWFC      R1, 0 
0x063A	0x6EEA      	MOVWF       FSR0H 
0x063C	0xF001CFEE  	MOVFF       POSTINC0, R1
0x0640	0xF002CFEE  	MOVFF       POSTINC0, R2
0x0644	0x0E80      	MOVLW       128
0x0646	0x1802      	XORWF       R2, 0 
0x0648	0x6E00      	MOVWF       R0 
0x064A	0x0E80      	MOVLW       128
0x064C	0x1828      	XORWF       _vmin+1, 0 
0x064E	0x5C00      	SUBWF       R0, 0 
0x0650	0xE102      	BNZ         L__calibrar_sens128
0x0652	0x5027      	MOVF        _vmin, 0 
0x0654	0x5C01      	SUBWF       R1, 0 
L__calibrar_sens128:
0x0656	0xE211      	BC          L_calibrar_sens32
;Rayito.c,216 :: 		vmin=sensores[i];
0x0658	0xF000C02D  	MOVFF       _i, R0
0x065C	0xF001C02E  	MOVFF       _i+1, R1
0x0660	0x3600      	RLCF        R0, 1 
0x0662	0x9000      	BCF         R0, 0 
0x0664	0x3601      	RLCF        R1, 1 
0x0666	0x0E49      	MOVLW       _sensores
0x0668	0x2400      	ADDWF       R0, 0 
0x066A	0x6EE9      	MOVWF       FSR0L 
0x066C	0x0E00      	MOVLW       hi_addr(_sensores)
0x066E	0x2001      	ADDWFC      R1, 0 
0x0670	0x6EEA      	MOVWF       FSR0H 
0x0672	0xF027CFEE  	MOVFF       POSTINC0, _vmin
0x0676	0xF028CFEE  	MOVFF       POSTINC0, _vmin+1
;Rayito.c,217 :: 		}
L_calibrar_sens32:
;Rayito.c,211 :: 		for (i=0; i<=15; i++){
0x067A	0x4A2D      	INFSNZ      _i, 1 
0x067C	0x2A2E      	INCF        _i+1, 1 
;Rayito.c,218 :: 		}
0x067E	0xD79C      	BRA         L_calibrar_sens28
L_calibrar_sens29:
;Rayito.c,219 :: 		LED1 = 0;
0x0680	0x9081      	BCF         RB0_bit, BitPos(RB0_bit+0) 
;Rayito.c,220 :: 		LED2 = 0;
0x0682	0x9281      	BCF         RB1_bit, BitPos(RB1_bit+0) 
;Rayito.c,221 :: 		LED3 = 0;
0x0684	0x9481      	BCF         RB2_bit, BitPos(RB2_bit+0) 
;Rayito.c,222 :: 		Delay_ms(50);
0x0686	0x0E02      	MOVLW       2
0x0688	0x6E0B      	MOVWF       R11, 0
0x068A	0x0E45      	MOVLW       69
0x068C	0x6E0C      	MOVWF       R12, 0
0x068E	0x0EA9      	MOVLW       169
0x0690	0x6E0D      	MOVWF       R13, 0
L_calibrar_sens33:
0x0692	0x2E0D      	DECFSZ      R13, 1, 0
0x0694	0xD7FE      	BRA         L_calibrar_sens33
0x0696	0x2E0C      	DECFSZ      R12, 1, 0
0x0698	0xD7FC      	BRA         L_calibrar_sens33
0x069A	0x2E0B      	DECFSZ      R11, 1, 0
0x069C	0xD7FA      	BRA         L_calibrar_sens33
0x069E	0x0000      	NOP
0x06A0	0x0000      	NOP
;Rayito.c,201 :: 		for(k=0;k<=tiempo;k++){
0x06A2	0x0100      	MOVLB       0
0x06A4	0x4B7B      	INFSNZ      calibrar_sens_k_L0, 1, 1
0x06A6	0x2B7C      	INCF        calibrar_sens_k_L0+1, 1, 1
;Rayito.c,223 :: 		}
0x06A8	0xD760      	BRA         L_calibrar_sens24
L_calibrar_sens25:
;Rayito.c,225 :: 		vprom=(vmax+vmin)/2;
0x06AA	0x5027      	MOVF        _vmin, 0 
0x06AC	0x2425      	ADDWF       _vmax, 0 
0x06AE	0x6E1A      	MOVWF       _vprom 
0x06B0	0x5028      	MOVF        _vmin+1, 0 
0x06B2	0x2026      	ADDWFC      _vmax+1, 0 
0x06B4	0x6E1B      	MOVWF       _vprom+1 
0x06B6	0x321B      	RRCF        _vprom+1, 1 
0x06B8	0x321A      	RRCF        _vprom, 1 
0x06BA	0x9E1B      	BCF         _vprom+1, 7 
0x06BC	0xBC1B      	BTFSC       _vprom+1, 6 
0x06BE	0x8E1B      	BSF         _vprom+1, 7 
0x06C0	0xAE1B      	BTFSS       _vprom+1, 7 
0x06C2	0xD003      	BRA         L__calibrar_sens129
0x06C4	0xE302      	BNC         L__calibrar_sens129
0x06C6	0x4A1A      	INFSNZ      _vprom, 1 
0x06C8	0x2A1B      	INCF        _vprom+1, 1 
L__calibrar_sens129:
;Rayito.c,226 :: 		}
L_end_calibrar_sens:
0x06CA	0x0012      	RETURN      0
; end of _calibrar_sens
_PWM2_Start:
;__Lib_PWM_c21.c,19 :: 		
;__Lib_PWM_c21.c,20 :: 		
0x06CC	0x9294      	BCF         TRISC1_bit, BitPos(TRISC1_bit+0) 
;__Lib_PWM_c21.c,21 :: 		
0x06CE	0x84CA      	BSF         T2CON, 2 
;__Lib_PWM_c21.c,22 :: 		
0x06D0	0x0E0C      	MOVLW       12
0x06D2	0x12BA      	IORWF       CCP2CON, 1 
;__Lib_PWM_c21.c,23 :: 		
L_end_PWM2_Start:
0x06D4	0x0012      	RETURN      0
; end of _PWM2_Start
_UART1_Init:
;__Lib_UART_c67.c,15 :: 		
;__Lib_UART_c67.c,18 :: 		
0x06D6	0x0E62      	MOVLW       _UART1_Write
0x06D8	0x0100      	MOVLB       0
0x06DA	0x6F75      	MOVWF       _UART_Wr_Ptr, 1
0x06DC	0x0E03      	MOVLW       hi_addr(_UART1_Write)
0x06DE	0x6F76      	MOVWF       _UART_Wr_Ptr+1, 1
0x06E0	0x0E7D      	MOVLW       FARG_UART1_Write_data_
0x06E2	0x6F77      	MOVWF       _UART_Wr_Ptr+2, 1
0x06E4	0x0E00      	MOVLW       hi_addr(FARG_UART1_Write_data_)
0x06E6	0x6F78      	MOVWF       _UART_Wr_Ptr+3, 1
;__Lib_UART_c67.c,19 :: 		
0x06E8	0x0EFF      	MOVLW       _UART1_Read
0x06EA	0x6F71      	MOVWF       _UART_Rd_Ptr, 1
0x06EC	0x0EFF      	MOVLW       hi_addr(_UART1_Read)
0x06EE	0x6F72      	MOVWF       _UART_Rd_Ptr+1, 1
0x06F0	0x0E00      	MOVLW       0
0x06F2	0x6F73      	MOVWF       _UART_Rd_Ptr+2, 1
0x06F4	0x0E00      	MOVLW       0
0x06F6	0x6F74      	MOVWF       _UART_Rd_Ptr+3, 1
;__Lib_UART_c67.c,20 :: 		
0x06F8	0x0EFF      	MOVLW       _UART1_Data_Ready
0x06FA	0x6F6D      	MOVWF       _UART_Rdy_Ptr, 1
0x06FC	0x0EFF      	MOVLW       hi_addr(_UART1_Data_Ready)
0x06FE	0x6F6E      	MOVWF       _UART_Rdy_Ptr+1, 1
0x0700	0x0E00      	MOVLW       0
0x0702	0x6F6F      	MOVWF       _UART_Rdy_Ptr+2, 1
0x0704	0x0E00      	MOVLW       0
0x0706	0x6F70      	MOVWF       _UART_Rdy_Ptr+3, 1
;__Lib_UART_c67.c,21 :: 		
0x0708	0x0EFF      	MOVLW       _UART1_Tx_Idle
0x070A	0x6F69      	MOVWF       _UART_Tx_Idle_Ptr, 1
0x070C	0x0EFF      	MOVLW       hi_addr(_UART1_Tx_Idle)
0x070E	0x6F6A      	MOVWF       _UART_Tx_Idle_Ptr+1, 1
0x0710	0x0E00      	MOVLW       0
0x0712	0x6F6B      	MOVWF       _UART_Tx_Idle_Ptr+2, 1
0x0714	0x0E00      	MOVLW       0
0x0716	0x6F6C      	MOVWF       _UART_Tx_Idle_Ptr+3, 1
;__Lib_UART_c67.c,23 :: 		
0x0718	0x8AAC      	BSF         TXSTA, 5 
;__Lib_UART_c67.c,24 :: 		
0x071A	0x0E90      	MOVLW       144
0x071C	0x6EAB      	MOVWF       RCSTA 
;__Lib_UART_c67.c,25 :: 		
0x071E	0x8E94      	BSF         TRISC7_bit, BitPos(TRISC7_bit+0) 
;__Lib_UART_c67.c,26 :: 		
0x0720	0x9C94      	BCF         TRISC6_bit, BitPos(TRISC6_bit+0) 
;__Lib_UART_c67.c,28 :: 		
L_UART1_Init0:
0x0722	0xAA9E      	BTFSS       PIR1, 5 
0x0724	0xD003      	BRA         L_UART1_Init1
;__Lib_UART_c67.c,29 :: 		
0x0726	0xF000CFAE  	MOVFF       RCREG, R0
0x072A	0xD7FB      	BRA         L_UART1_Init0
L_UART1_Init1:
;__Lib_UART_c67.c,30 :: 		
L_end_UART1_Init:
0x072C	0x0012      	RETURN      0
; end of _UART1_Init
_main:
0x072E	0xF004ECDA  	CALL        2484, 0
;Rayito.c,473 :: 		void main() {
;Rayito.c,476 :: 		unsigned short frenos_on = 1, t = 0;
;Rayito.c,477 :: 		CMCON=0X07;
0x0732	0x0E07      	MOVLW       7
0x0734	0x6EB4      	MOVWF       CMCON 
;Rayito.c,478 :: 		ADC_Init();//inicialisa el combertidor analogico digital
0x0736	0xDEDB      	RCALL       _ADC_Init
;Rayito.c,480 :: 		TRISA=0b00000001;
0x0738	0x0E01      	MOVLW       1
0x073A	0x6E92      	MOVWF       TRISA 
;Rayito.c,481 :: 		TRISB=0b00110000;
0x073C	0x0E30      	MOVLW       48
0x073E	0x6E93      	MOVWF       TRISB 
;Rayito.c,482 :: 		TRISC=0b10000000;
0x0740	0x0E80      	MOVLW       128
0x0742	0x6E94      	MOVWF       TRISC 
;Rayito.c,483 :: 		TRISD=0b11010000;
0x0744	0x0ED0      	MOVLW       208
0x0746	0x6E95      	MOVWF       TRISD 
;Rayito.c,486 :: 		ADCON0.ADON=1;
0x0748	0x80C2      	BSF         ADCON0, 0 
;Rayito.c,487 :: 		ADCON1=0b00001110;  //ANALOG-->Delay_us AN0-AN3
0x074A	0x0E0E      	MOVLW       14
0x074C	0x6EC1      	MOVWF       ADCON1 
;Rayito.c,488 :: 		ADCON2=0b10101110;
0x074E	0x0EAE      	MOVLW       174
0x0750	0x6EC0      	MOVWF       ADCON2 
;Rayito.c,490 :: 		PORTA=0X00;
0x0752	0x6A80      	CLRF        PORTA 
;Rayito.c,491 :: 		PORTB=0X00;
0x0754	0x6A81      	CLRF        PORTB 
;Rayito.c,492 :: 		PORTC=0X00;
0x0756	0x6A82      	CLRF        PORTC 
;Rayito.c,493 :: 		PORTD=0X00;
0x0758	0x6A83      	CLRF        PORTD 
;Rayito.c,495 :: 		PWM1_Init(25000); //inicia el pwm
0x075A	0x90CA      	BCF         T2CON, 0, 0
0x075C	0x92CA      	BCF         T2CON, 1, 0
0x075E	0x0EC7      	MOVLW       199
0x0760	0x6ECB      	MOVWF       PR2, 0
0x0762	0xDEBD      	RCALL       _PWM1_Init
;Rayito.c,496 :: 		PWM2_Init(25000);
0x0764	0x90CA      	BCF         T2CON, 0, 0
0x0766	0x92CA      	BCF         T2CON, 1, 0
0x0768	0x0EC7      	MOVLW       199
0x076A	0x6ECB      	MOVWF       PR2, 0
0x076C	0xDEBC      	RCALL       _PWM2_Init
;Rayito.c,497 :: 		PWM1_Start();  //arranca el pwm
0x076E	0xDED9      	RCALL       _PWM1_Start
;Rayito.c,498 :: 		PWM2_Start();
0x0770	0xDFAD      	RCALL       _PWM2_Start
;Rayito.c,499 :: 		PWM1_Set_Duty(0);//regulas cuantos V q se manda
0x0772	0x0100      	MOVLB       0
0x0774	0x6B7D      	CLRF        FARG_PWM1_Set_Duty_new_duty, 1
0x0776	0xDE51      	RCALL       _PWM1_Set_Duty
;Rayito.c,500 :: 		PWM2_Set_Duty(0);
0x0778	0x0100      	MOVLB       0
0x077A	0x6B7D      	CLRF        FARG_PWM2_Set_Duty_new_duty, 1
0x077C	0xDE18      	RCALL       _PWM2_Set_Duty
;Rayito.c,501 :: 		Delay_ms(200);
0x077E	0x0E06      	MOVLW       6
0x0780	0x6E0B      	MOVWF       R11, 0
0x0782	0x0E13      	MOVLW       19
0x0784	0x6E0C      	MOVWF       R12, 0
0x0786	0x0EAD      	MOVLW       173
0x0788	0x6E0D      	MOVWF       R13, 0
L_main89:
0x078A	0x2E0D      	DECFSZ      R13, 1, 0
0x078C	0xD7FE      	BRA         L_main89
0x078E	0x2E0C      	DECFSZ      R12, 1, 0
0x0790	0xD7FC      	BRA         L_main89
0x0792	0x2E0B      	DECFSZ      R11, 1, 0
0x0794	0xD7FA      	BRA         L_main89
0x0796	0x0000      	NOP
0x0798	0x0000      	NOP
;Rayito.c,503 :: 		UART1_Init(9600);               // Initialize UART module at 9600 bps
0x079A	0x86B8      	BSF         BAUDCON, 3, 0
0x079C	0x0E02      	MOVLW       2
0x079E	0x6EB0      	MOVWF       SPBRGH 
0x07A0	0x0E08      	MOVLW       8
0x07A2	0x6EAF      	MOVWF       SPBRG 
0x07A4	0x84AC      	BSF         TXSTA, 2, 0
0x07A6	0xDF97      	RCALL       _UART1_Init
;Rayito.c,504 :: 		Delay_ms(100);                  // Wait for UART module to stabilize
0x07A8	0x0E03      	MOVLW       3
0x07AA	0x6E0B      	MOVWF       R11, 0
0x07AC	0x0E8A      	MOVLW       138
0x07AE	0x6E0C      	MOVWF       R12, 0
0x07B0	0x0E55      	MOVLW       85
0x07B2	0x6E0D      	MOVWF       R13, 0
L_main90:
0x07B4	0x2E0D      	DECFSZ      R13, 1, 0
0x07B6	0xD7FE      	BRA         L_main90
0x07B8	0x2E0C      	DECFSZ      R12, 1, 0
0x07BA	0xD7FC      	BRA         L_main90
0x07BC	0x2E0B      	DECFSZ      R11, 1, 0
0x07BE	0xD7FA      	BRA         L_main90
0x07C0	0x0000      	NOP
0x07C2	0x0000      	NOP
;Rayito.c,506 :: 		UART1_Write_Text("Rayito");
0x07C4	0x0E3E      	MOVLW       ?lstr1_Rayito
0x07C6	0x6F79      	MOVWF       FARG_UART1_Write_Text_uart_text, 1
0x07C8	0x0E00      	MOVLW       hi_addr(?lstr1_Rayito)
0x07CA	0x6F7A      	MOVWF       FARG_UART1_Write_Text_uart_text+1, 1
0x07CC	0xDEAF      	RCALL       _UART1_Write_Text
;Rayito.c,507 :: 		UART1_Write(10);
0x07CE	0x0E0A      	MOVLW       10
0x07D0	0x6F7D      	MOVWF       FARG_UART1_Write_data_, 1
0x07D2	0xDDC7      	RCALL       _UART1_Write
;Rayito.c,508 :: 		UART1_Write(13);
0x07D4	0x0E0D      	MOVLW       13
0x07D6	0x0100      	MOVLB       0
0x07D8	0x6F7D      	MOVWF       FARG_UART1_Write_data_, 1
0x07DA	0xDDC3      	RCALL       _UART1_Write
;Rayito.c,510 :: 		pwm2_Set_Duty(0);     //m izq
0x07DC	0x0100      	MOVLB       0
0x07DE	0x6B7D      	CLRF        FARG_PWM2_Set_Duty_new_duty, 1
0x07E0	0xDDE6      	RCALL       _PWM2_Set_Duty
;Rayito.c,511 :: 		pwm1_Set_Duty(0);     //m der
0x07E2	0x0100      	MOVLB       0
0x07E4	0x6B7D      	CLRF        FARG_PWM1_Set_Duty_new_duty, 1
0x07E6	0xDE19      	RCALL       _PWM1_Set_Duty
;Rayito.c,513 :: 		calibrar_sens(50);
0x07E8	0x0E32      	MOVLW       50
0x07EA	0x0100      	MOVLB       0
0x07EC	0x6F79      	MOVWF       FARG_calibrar_sens_tiempo, 1
0x07EE	0x0E00      	MOVLW       0
0x07F0	0x6F7A      	MOVWF       FARG_calibrar_sens_tiempo+1, 1
0x07F2	0xDEB6      	RCALL       _calibrar_sens
;Rayito.c,514 :: 		Delay_ms(1000);
0x07F4	0x0E1A      	MOVLW       26
0x07F6	0x6E0B      	MOVWF       R11, 0
0x07F8	0x0E5E      	MOVLW       94
0x07FA	0x6E0C      	MOVWF       R12, 0
0x07FC	0x0E6E      	MOVLW       110
0x07FE	0x6E0D      	MOVWF       R13, 0
L_main91:
0x0800	0x2E0D      	DECFSZ      R13, 1, 0
0x0802	0xD7FE      	BRA         L_main91
0x0804	0x2E0C      	DECFSZ      R12, 1, 0
0x0806	0xD7FC      	BRA         L_main91
0x0808	0x2E0B      	DECFSZ      R11, 1, 0
0x080A	0xD7FA      	BRA         L_main91
0x080C	0x0000      	NOP
;Rayito.c,517 :: 		if ((SW1 == 0) && (SW2 == 0)){ //CON TURBINA SOMBRA BEST
0x080E	0xBC83      	BTFSC       RD6_bit, BitPos(RD6_bit+0) 
0x0810	0xD022      	BRA         L_main94
0x0812	0xBE83      	BTFSC       RD7_bit, BitPos(RD7_bit+0) 
0x0814	0xD020      	BRA         L_main94
L__main115:
;Rayito.c,518 :: 		v1 = 100; //150
0x0816	0x0E00      	MOVLW       0
0x0818	0x6E33      	MOVWF       _v1 
0x081A	0x0E00      	MOVLW       0
0x081C	0x6E34      	MOVWF       _v1+1 
0x081E	0x0E48      	MOVLW       72
0x0820	0x6E35      	MOVWF       _v1+2 
0x0822	0x0E85      	MOVLW       133
0x0824	0x6E36      	MOVWF       _v1+3 
;Rayito.c,519 :: 		p1 = 4;   //10.5
0x0826	0x0E00      	MOVLW       0
0x0828	0x6E2F      	MOVWF       _p1 
0x082A	0x0E00      	MOVLW       0
0x082C	0x6E30      	MOVWF       _p1+1 
0x082E	0x0E00      	MOVLW       0
0x0830	0x6E31      	MOVWF       _p1+2 
0x0832	0x0E81      	MOVLW       129
0x0834	0x6E32      	MOVWF       _p1+3 
;Rayito.c,520 :: 		i1 = 0.001;  //0.001
0x0836	0x0E6F      	MOVLW       111
0x0838	0x6E3A      	MOVWF       _i1 
0x083A	0x0E12      	MOVLW       18
0x083C	0x6E3B      	MOVWF       _i1+1 
0x083E	0x0E03      	MOVLW       3
0x0840	0x6E3C      	MOVWF       _i1+2 
0x0842	0x0E75      	MOVLW       117
0x0844	0x6E3D      	MOVWF       _i1+3 
;Rayito.c,521 :: 		d1 = 100;    //200
0x0846	0x0E00      	MOVLW       0
0x0848	0x6E1C      	MOVWF       _d1 
0x084A	0x0E00      	MOVLW       0
0x084C	0x6E1D      	MOVWF       _d1+1 
0x084E	0x0E48      	MOVLW       72
0x0850	0x6E1E      	MOVWF       _d1+2 
0x0852	0x0E85      	MOVLW       133
0x0854	0x6E1F      	MOVWF       _d1+3 
;Rayito.c,524 :: 		}
L_main94:
;Rayito.c,525 :: 		if ((SW1 == 0) && (SW2 == 1)){
0x0856	0xBC83      	BTFSC       RD6_bit, BitPos(RD6_bit+0) 
0x0858	0xD022      	BRA         L_main97
0x085A	0xAE83      	BTFSS       RD7_bit, BitPos(RD7_bit+0) 
0x085C	0xD020      	BRA         L_main97
L__main114:
;Rayito.c,526 :: 		v1 = 120;
0x085E	0x0E00      	MOVLW       0
0x0860	0x6E33      	MOVWF       _v1 
0x0862	0x0E00      	MOVLW       0
0x0864	0x6E34      	MOVWF       _v1+1 
0x0866	0x0E70      	MOVLW       112
0x0868	0x6E35      	MOVWF       _v1+2 
0x086A	0x0E85      	MOVLW       133
0x086C	0x6E36      	MOVWF       _v1+3 
;Rayito.c,527 :: 		p1 = 8.5;
0x086E	0x0E00      	MOVLW       0
0x0870	0x6E2F      	MOVWF       _p1 
0x0872	0x0E00      	MOVLW       0
0x0874	0x6E30      	MOVWF       _p1+1 
0x0876	0x0E08      	MOVLW       8
0x0878	0x6E31      	MOVWF       _p1+2 
0x087A	0x0E82      	MOVLW       130
0x087C	0x6E32      	MOVWF       _p1+3 
;Rayito.c,528 :: 		i1 = 0.002;
0x087E	0x0E6F      	MOVLW       111
0x0880	0x6E3A      	MOVWF       _i1 
0x0882	0x0E12      	MOVLW       18
0x0884	0x6E3B      	MOVWF       _i1+1 
0x0886	0x0E03      	MOVLW       3
0x0888	0x6E3C      	MOVWF       _i1+2 
0x088A	0x0E76      	MOVLW       118
0x088C	0x6E3D      	MOVWF       _i1+3 
;Rayito.c,529 :: 		d1 = 140;
0x088E	0x0E00      	MOVLW       0
0x0890	0x6E1C      	MOVWF       _d1 
0x0892	0x0E00      	MOVLW       0
0x0894	0x6E1D      	MOVWF       _d1+1 
0x0896	0x0E0C      	MOVLW       12
0x0898	0x6E1E      	MOVWF       _d1+2 
0x089A	0x0E86      	MOVLW       134
0x089C	0x6E1F      	MOVWF       _d1+3 
;Rayito.c,532 :: 		}
L_main97:
;Rayito.c,533 :: 		if ((SW1 == 1) && (SW2 == 0)){
0x089E	0xAC83      	BTFSS       RD6_bit, BitPos(RD6_bit+0) 
0x08A0	0xD022      	BRA         L_main100
0x08A2	0xBE83      	BTFSC       RD7_bit, BitPos(RD7_bit+0) 
0x08A4	0xD020      	BRA         L_main100
L__main113:
;Rayito.c,534 :: 		v1 = 190;
0x08A6	0x0E00      	MOVLW       0
0x08A8	0x6E33      	MOVWF       _v1 
0x08AA	0x0E00      	MOVLW       0
0x08AC	0x6E34      	MOVWF       _v1+1 
0x08AE	0x0E3E      	MOVLW       62
0x08B0	0x6E35      	MOVWF       _v1+2 
0x08B2	0x0E86      	MOVLW       134
0x08B4	0x6E36      	MOVWF       _v1+3 
;Rayito.c,535 :: 		p1 = 6;
0x08B6	0x0E00      	MOVLW       0
0x08B8	0x6E2F      	MOVWF       _p1 
0x08BA	0x0E00      	MOVLW       0
0x08BC	0x6E30      	MOVWF       _p1+1 
0x08BE	0x0E40      	MOVLW       64
0x08C0	0x6E31      	MOVWF       _p1+2 
0x08C2	0x0E81      	MOVLW       129
0x08C4	0x6E32      	MOVWF       _p1+3 
;Rayito.c,536 :: 		i1 = 0.001;
0x08C6	0x0E6F      	MOVLW       111
0x08C8	0x6E3A      	MOVWF       _i1 
0x08CA	0x0E12      	MOVLW       18
0x08CC	0x6E3B      	MOVWF       _i1+1 
0x08CE	0x0E03      	MOVLW       3
0x08D0	0x6E3C      	MOVWF       _i1+2 
0x08D2	0x0E75      	MOVLW       117
0x08D4	0x6E3D      	MOVWF       _i1+3 
;Rayito.c,537 :: 		d1 = 55;
0x08D6	0x0E00      	MOVLW       0
0x08D8	0x6E1C      	MOVWF       _d1 
0x08DA	0x0E00      	MOVLW       0
0x08DC	0x6E1D      	MOVWF       _d1+1 
0x08DE	0x0E5C      	MOVLW       92
0x08E0	0x6E1E      	MOVWF       _d1+2 
0x08E2	0x0E84      	MOVLW       132
0x08E4	0x6E1F      	MOVWF       _d1+3 
;Rayito.c,540 :: 		}
L_main100:
;Rayito.c,541 :: 		if ((SW1 == 1) && (SW2 == 1)){//SIN TURBINA SOMBRA
0x08E6	0xAC83      	BTFSS       RD6_bit, BitPos(RD6_bit+0) 
0x08E8	0xD022      	BRA         L_main103
0x08EA	0xAE83      	BTFSS       RD7_bit, BitPos(RD7_bit+0) 
0x08EC	0xD020      	BRA         L_main103
L__main112:
;Rayito.c,542 :: 		v1 = 215;
0x08EE	0x0E00      	MOVLW       0
0x08F0	0x6E33      	MOVWF       _v1 
0x08F2	0x0E00      	MOVLW       0
0x08F4	0x6E34      	MOVWF       _v1+1 
0x08F6	0x0E57      	MOVLW       87
0x08F8	0x6E35      	MOVWF       _v1+2 
0x08FA	0x0E86      	MOVLW       134
0x08FC	0x6E36      	MOVWF       _v1+3 
;Rayito.c,543 :: 		p1 = 5;
0x08FE	0x0E00      	MOVLW       0
0x0900	0x6E2F      	MOVWF       _p1 
0x0902	0x0E00      	MOVLW       0
0x0904	0x6E30      	MOVWF       _p1+1 
0x0906	0x0E20      	MOVLW       32
0x0908	0x6E31      	MOVWF       _p1+2 
0x090A	0x0E81      	MOVLW       129
0x090C	0x6E32      	MOVWF       _p1+3 
;Rayito.c,544 :: 		i1 = 0.001;
0x090E	0x0E6F      	MOVLW       111
0x0910	0x6E3A      	MOVWF       _i1 
0x0912	0x0E12      	MOVLW       18
0x0914	0x6E3B      	MOVWF       _i1+1 
0x0916	0x0E03      	MOVLW       3
0x0918	0x6E3C      	MOVWF       _i1+2 
0x091A	0x0E75      	MOVLW       117
0x091C	0x6E3D      	MOVWF       _i1+3 
;Rayito.c,545 :: 		d1 = 100;
0x091E	0x0E00      	MOVLW       0
0x0920	0x6E1C      	MOVWF       _d1 
0x0922	0x0E00      	MOVLW       0
0x0924	0x6E1D      	MOVWF       _d1+1 
0x0926	0x0E48      	MOVLW       72
0x0928	0x6E1E      	MOVWF       _d1+2 
0x092A	0x0E85      	MOVLW       133
0x092C	0x6E1F      	MOVWF       _d1+3 
;Rayito.c,548 :: 		}
L_main103:
;Rayito.c,549 :: 		limpiar();
0x092E	0xDDAB      	RCALL       _limpiar
;Rayito.c,550 :: 		while(1){
L_main104:
0x0930	0x0100      	MOVLB       0
;Rayito.c,552 :: 		pwm2_set_duty(200);
0x0932	0x0EC8      	MOVLW       200
0x0934	0x6F7D      	MOVWF       FARG_PWM2_Set_Duty_new_duty, 1
0x0936	0xDD3B      	RCALL       _PWM2_Set_Duty
;Rayito.c,553 :: 		pwm1_set_duty(200);
0x0938	0x0EC8      	MOVLW       200
0x093A	0x0100      	MOVLB       0
0x093C	0x6F7D      	MOVWF       FARG_PWM1_Set_Duty_new_duty, 1
0x093E	0xDD6D      	RCALL       _PWM1_Set_Duty
;Rayito.c,554 :: 		RD1_bit = 1;
0x0940	0x8283      	BSF         RD1_bit, BitPos(RD1_bit+0) 
;Rayito.c,555 :: 		RD2_bit = 1;
0x0942	0x8483      	BSF         RD2_bit, BitPos(RD2_bit+0) 
;Rayito.c,556 :: 		delay_ms(2000);
0x0944	0x0E33      	MOVLW       51
0x0946	0x6E0B      	MOVWF       R11, 0
0x0948	0x0EBB      	MOVLW       187
0x094A	0x6E0C      	MOVWF       R12, 0
0x094C	0x0EDF      	MOVLW       223
0x094E	0x6E0D      	MOVWF       R13, 0
L_main106:
0x0950	0x2E0D      	DECFSZ      R13, 1, 0
0x0952	0xD7FE      	BRA         L_main106
0x0954	0x2E0C      	DECFSZ      R12, 1, 0
0x0956	0xD7FC      	BRA         L_main106
0x0958	0x2E0B      	DECFSZ      R11, 1, 0
0x095A	0xD7FA      	BRA         L_main106
0x095C	0x0000      	NOP
0x095E	0x0000      	NOP
;Rayito.c,557 :: 		RD1_bit = 0;
0x0960	0x9283      	BCF         RD1_bit, BitPos(RD1_bit+0) 
;Rayito.c,558 :: 		RD2_bit = 0;
0x0962	0x9483      	BCF         RD2_bit, BitPos(RD2_bit+0) 
;Rayito.c,559 :: 		delay_ms(2000);
0x0964	0x0E33      	MOVLW       51
0x0966	0x6E0B      	MOVWF       R11, 0
0x0968	0x0EBB      	MOVLW       187
0x096A	0x6E0C      	MOVWF       R12, 0
0x096C	0x0EDF      	MOVLW       223
0x096E	0x6E0D      	MOVWF       R13, 0
L_main107:
0x0970	0x2E0D      	DECFSZ      R13, 1, 0
0x0972	0xD7FE      	BRA         L_main107
0x0974	0x2E0C      	DECFSZ      R12, 1, 0
0x0976	0xD7FC      	BRA         L_main107
0x0978	0x2E0B      	DECFSZ      R11, 1, 0
0x097A	0xD7FA      	BRA         L_main107
0x097C	0x0000      	NOP
0x097E	0x0000      	NOP
;Rayito.c,589 :: 		}
0x0980	0xD7D7      	BRA         L_main104
;Rayito.c,590 :: 		}
L_end_main:
0x0982	0xD7FF      	BRA         $+0
; end of _main
0x09B4	0xF016EE10  	LFSR        1, 22
0x09B8	0x0E2F      	MOVLW       47
0x09BA	0x6E00      	MOVWF       R0 
0x09BC	0x0E01      	MOVLW       1
0x09BE	0x6E01      	MOVWF       R1 
0x09C0	0x0E84      	MOVLW       132
0x09C2	0x6EF6      	MOVWF       4086 
0x09C4	0x0E09      	MOVLW       9
0x09C6	0x6EF7      	MOVWF       TBLPTRH 
0x09C8	0x0E00      	MOVLW       0
0x09CA	0x6EF8      	MOVWF       TBLPTRU 
0x09CC	0xF002EC89  	CALL        1298, 0
0x09D0	0x0012      	RETURN      0
;Rayito.c,0 :: ?ICS_error
0x0984	0x0000 ;?ICS_error+0
0x0986	0x0000 ;?ICS_error+2
; end of ?ICS_error
;Rayito.c,0 :: ?ICS_vprom
0x0988	0x0000 ;?ICS_vprom+0
; end of ?ICS_vprom
;Rayito.c,0 :: ?ICS_d1
0x098A	0x0000 ;?ICS_d1+0
0x098C	0x0000 ;?ICS_d1+2
; end of ?ICS_d1
;__Lib_ADC_A_D.c,0 :: ?ICS_vref_mask
0x098E	0x30 ;?ICS_vref_mask+0
; end of ?ICS_vref_mask
;Rayito.c,0 :: ?ICS_error_integral
0x098F	0x0000 ;?ICS_error_integral+0
0x0991	0x0000 ;?ICS_error_integral+2
; end of ?ICS_error_integral
;Rayito.c,0 :: ?ICS_vmax
0x0993	0x0000 ;?ICS_vmax+0
; end of ?ICS_vmax
;Rayito.c,0 :: ?ICS_vmin
0x0995	0x0000 ;?ICS_vmin+0
; end of ?ICS_vmin
;Rayito.c,0 :: ?ICS_error_pasado
0x0997	0x0000 ;?ICS_error_pasado+0
0x0999	0x0000 ;?ICS_error_pasado+2
; end of ?ICS_error_pasado
;Rayito.c,0 :: ?ICS_i
0x099B	0x0000 ;?ICS_i+0
; end of ?ICS_i
;Rayito.c,0 :: ?ICS_p1
0x099D	0x0000 ;?ICS_p1+0
0x099F	0x0000 ;?ICS_p1+2
; end of ?ICS_p1
;Rayito.c,0 :: ?ICS_v1
0x09A1	0x0000 ;?ICS_v1+0
0x09A3	0x0000 ;?ICS_v1+2
; end of ?ICS_v1
;Rayito.c,0 :: ?ICS_on
0x09A5	0x00 ;?ICS_on+0
; end of ?ICS_on
;Rayito.c,0 :: ?ICS_ciclo
0x09A6	0x0000 ;?ICS_ciclo+0
; end of ?ICS_ciclo
;Rayito.c,0 :: ?ICS_i1
0x09A8	0x0000 ;?ICS_i1+0
0x09AA	0x0000 ;?ICS_i1+2
; end of ?ICS_i1
;Rayito.c,0 :: ?ICS?lstr1_Rayito
0x09AC	0x6152 ;?ICS?lstr1_Rayito+0
0x09AE	0x6979 ;?ICS?lstr1_Rayito+2
0x09B0	0x6F74 ;?ICS?lstr1_Rayito+4
0x09B2	0x00 ;?ICS?lstr1_Rayito+6
; end of ?ICS?lstr1_Rayito
Symbol List:
//** Routines locations **
//ADDRESS    SIZE    PROCEDURE
//----------------------------------------------
0x0008     [198]    _Interrupt
0x00CE      [12]    _Delay_22us
0x00DA     [112]    _InitTimer0
0x014A      [80]    _Mul_16X16_U
0x019A      [62]    _ADC_Read
0x01D8      [40]    _initTurbina
0x0200     [354]    _leer_sens
0x0362      [14]    _UART1_Write
0x0370      [62]    _usarTurbina
0x03AE     [108]    _PWM2_Set_Duty
0x041A     [108]    _PWM1_Set_Duty
0x0486      [88]    _limpiar
0x04DE       [8]    _PWM1_Init
0x04E6       [8]    _PWM2_Init
0x04EE      [36]    _ADC_Init
0x0512      [16]    ___CC2DW
0x0522      [10]    _PWM1_Start
0x052C      [52]    _UART1_Write_Text
0x0560     [364]    _calibrar_sens
0x06CC      [10]    _PWM2_Start
0x06D6      [88]    _UART1_Init
0x072E     [598]    _main
//** Variables locations ** 
//ADDRESS    SIZE    VARIABLE
//----------------------------------------------
0x0000       [1]    R0
0x0000       [1]    UART1_Init_tmp_L0
0x0001       [1]    UART1_Read___tmp_UART1_Read_L0
0x0001       [1]    ispunct_rslt_L0
0x0001       [1]    R1
0x0002       [2]    strlen_cp_L0
0x0002       [2]    memset_pp_L0
0x0002       [2]    memcpy_dd_L0
0x0002       [2]    memchr_s_L0
0x0002       [1]    R2
0x0003       [2]    Ltrim_original_L0
0x0003       [2]    memmove_tt_L0
0x0003       [1]    R3
0x0004       [2]    strcpy_cp_L0
0x0004       [2]    strcat_cp_L0
0x0004       [2]    memcpy_ss_L0
0x0004       [2]    strncat_cp_L0
0x0004       [1]    R4
0x0004       [2]    frexp_pom_L0
0x0004       [2]    strncpy_cp_L0
0x0005       [2]    memmove_ff_L0
0x0005       [2]    Ltrim_p_L0
0x0005       [2]    LongIntToHex_input_half_L0
0x0005       [2]    LongWordToHex_input_half_L0
0x0005       [1]    R5
0x0006       [1]    R6
0x0007       [1]    R7
0x0008       [1]    R8
0x0009       [1]    R9
0x000A       [1]    R10
0x000B       [1]    R11
0x000C       [1]    R12
0x000D       [1]    R13
0x000E       [1]    R14
0x000F       [1]    R15
0x0010       [1]    R16
0x0011       [1]    R17
0x0012       [1]    R18
0x0013       [1]    R19
0x0014       [1]    R20
0x0016       [4]    _error
0x001A       [2]    _vprom
0x001C       [4]    _d1
0x0020       [1]    _vref_mask
0x0021       [4]    _error_integral
0x0025       [2]    _vmax
0x0027       [2]    _vmin
0x0029       [4]    _error_pasado
0x002D       [2]    _i
0x002F       [4]    _p1
0x0033       [4]    _v1
0x0037       [1]    _on
0x0038       [2]    _ciclo
0x003A       [4]    _i1
0x003E       [7]    ?lstr1_Rayito
0x0045       [4]    _ADC_Get_Sample_Ptr
0x0049      [32]    _sensores
0x0069       [4]    _UART_Tx_Idle_Ptr
0x006D       [4]    _UART_Rdy_Ptr
0x0071       [4]    _UART_Rd_Ptr
0x0075       [4]    _UART_Wr_Ptr
0x0079       [2]    FARG_calibrar_sens_tiempo
0x0079       [4]    FARG_PWM1_Init_PWM_Freq
0x0079       [4]    FARG_PWM2_Init_PWM_Freq
0x0079       [2]    FARG_UART1_Write_Text_uart_text
0x007B       [2]    calibrar_sens_k_L0
0x007B       [1]    UART1_Write_Text_data__L0
0x007C       [1]    UART1_Write_Text_counter_L0
0x007D       [1]    FARG_UART1_Write_data_
0x007D       [1]    FARG_PWM2_Set_Duty_new_duty
0x007D       [1]    FARG_PWM1_Set_Duty_new_duty
0x007D       [1]    FARG_usarTurbina_enable
0x007E       [1]    FARG_usarTurbina_modo
0x007F       [1]    FARG_ADC_Read_channel
0x007F       [1]    FARG_initTurbina_modo
0x0080       [1]    FARG_InitTimer0_estado
0x0F80       [0]    RA4_bit
0x0F80       [0]    RA2_bit
0x0F80       [0]    RA1_bit
0x0F80       [0]    RA3_bit
0x0F80       [1]    PORTA
0x0F81       [0]    RB2_bit
0x0F81       [0]    RB3_bit
0x0F81       [1]    PORTB
0x0F81       [0]    RB0_bit
0x0F81       [0]    RB1_bit
0x0F82       [1]    PORTC
0x0F83       [0]    RD6_bit
0x0F83       [0]    RD7_bit
0x0F83       [0]    RD3_bit
0x0F83       [0]    RD2_bit
0x0F83       [0]    RD1_bit
0x0F83       [0]    RD0_bit
0x0F83       [1]    PORTD
0x0F92       [1]    TRISA
0x0F93       [1]    TRISB
0x0F94       [1]    TRISC
0x0F94       [0]    TRISC7_bit
0x0F94       [0]    TRISC6_bit
0x0F94       [0]    TRISC1_bit
0x0F94       [0]    TRISC2_bit
0x0F95       [1]    TRISD
0x0F9E       [1]    PIR1
0x0FAB       [1]    RCSTA
0x0FAC       [1]    TXSTA
0x0FAD       [1]    TXREG
0x0FAE       [1]    RCREG
0x0FAF       [1]    SPBRG
0x0FB0       [1]    SPBRGH
0x0FB4       [1]    CMCON
0x0FB8       [1]    BAUDCON
0x0FBA       [1]    CCP2CON
0x0FBB       [1]    CCPR2L
0x0FBD       [1]    CCP1CON
0x0FBE       [1]    CCPR1L
0x0FC0       [1]    ADCON2
0x0FC1       [1]    ADCON1
0x0FC2       [1]    ADCON0
0x0FC3       [1]    ADRESL
0x0FC4       [1]    ADRESH
0x0FCA       [1]    T2CON
0x0FCB       [1]    PR2
0x0FD5       [1]    T0CON
0x0FD6       [1]    TMR0L
0x0FD7       [1]    TMR0H
0x0FD8       [1]    STATUS
0x0FD9       [1]    FSR2L
0x0FDA       [1]    FSR2H
0x0FDE       [1]    POSTINC2
0x0FE0       [1]    BSR
0x0FE1       [1]    FSR1L
0x0FE2       [1]    FSR1H
0x0FE4       [1]    PREINC1
0x0FE6       [1]    POSTINC1
0x0FE7       [1]    INDF1
0x0FE8       [1]    WREG
0x0FE9       [1]    FSR0L
0x0FEA       [1]    FSR0H
0x0FEE       [1]    POSTINC0
0x0FF2       [0]    TMR0IF_bit
0x0FF2       [0]    GIE_bit
0x0FF2       [0]    TMR0IE_bit
0x0FF3       [1]    PRODL
0x0FF4       [1]    PRODH
0x0FF5       [1]    TABLAT
0x0FF6       [1]    TBLPTRL
0x0FF7       [1]    TBLPTRH
0x0FF8       [1]    TBLPTRU
//** Constants locations ** 
//ADDRESS    SIZE    CONSTANT
//----------------------------------------------
0x0984       [4]    ?ICS_error
0x0988       [2]    ?ICS_vprom
0x098A       [4]    ?ICS_d1
0x098E       [1]    ?ICS_vref_mask
0x098F       [4]    ?ICS_error_integral
0x0993       [2]    ?ICS_vmax
0x0995       [2]    ?ICS_vmin
0x0997       [4]    ?ICS_error_pasado
0x099B       [2]    ?ICS_i
0x099D       [4]    ?ICS_p1
0x09A1       [4]    ?ICS_v1
0x09A5       [1]    ?ICS_on
0x09A6       [2]    ?ICS_ciclo
0x09A8       [4]    ?ICS_i1
0x09AC       [7]    ?ICS?lstr1_Rayito
